GROUP,PACKAGE,CLASS,INSTRUCTION_MISSED,INSTRUCTION_COVERED,BRANCH_MISSED,BRANCH_COVERED,LINE_MISSED,LINE_COVERED,COMPLEXITY_MISSED,COMPLEXITY_COVERED,METHOD_MISSED,METHOD_COVERED
adapter-stamp,eu.supersede.dynadapt.usecases.patterns,CMSConfigurationInstancesMatcher,143,0,2,0,33,0,18,0,17,0
adapter-stamp,eu.supersede.dynadapt.usecases.patterns,VirtualExecutionEnvContainingAComponentMatch,287,0,42,0,60,0,40,0,19,0
adapter-stamp,eu.supersede.dynadapt.usecases.patterns,GetMeteorologicalDataServicesMatch,195,0,28,0,47,0,31,0,17,0
adapter-stamp,eu.supersede.dynadapt.usecases.patterns,InstanceSpecificationsAsManifestationsOfNodeArtifactsMatcher,232,0,2,0,41,0,24,0,23,0
adapter-stamp,eu.supersede.dynadapt.usecases.patterns,HSKVirtualExecutionEnvironmentsMatcher,143,0,2,0,33,0,18,0,17,0
adapter-stamp,eu.supersede.dynadapt.usecases.patterns,ArtifactManifestationsMatch.Immutable,8,0,0,0,3,0,2,0,2,0
adapter-stamp,eu.supersede.dynadapt.usecases.patterns,InstanceSpecificationLinkMatch,195,0,28,0,47,0,31,0,17,0
adapter-stamp,eu.supersede.dynadapt.usecases.patterns,HSKVirtualExecutionEnvironmentsMatch.Immutable,7,0,0,0,3,0,2,0,2,0
adapter-stamp,eu.supersede.dynadapt.usecases.patterns,InstancesMatch,287,0,42,0,60,0,40,0,19,0
adapter-stamp,eu.supersede.dynadapt.usecases.patterns,CMSConfigurationInstancesMatch.Mutable,7,0,0,0,3,0,2,0,2,0
adapter-stamp,eu.supersede.dynadapt.usecases.patterns,HSKExecutionEnvironmentsMatch,195,0,28,0,47,0,31,0,17,0
adapter-stamp,eu.supersede.dynadapt.usecases.patterns,ClassGeneralizationsMatcher,232,0,2,0,41,0,24,0,23,0
adapter-stamp,eu.supersede.dynadapt.usecases.patterns,RealizationsMatch.Mutable,8,0,0,0,3,0,2,0,2,0
adapter-stamp,eu.supersede.dynadapt.usecases.patterns,VirtualExecutionEnvContainingAComponentMatcher,232,0,2,0,41,0,24,0,23,0
adapter-stamp,eu.supersede.dynadapt.usecases.patterns,InstanceSpecificationsAsManifestationsOfNodeArtifactsMatch,287,0,42,0,60,0,40,0,19,0
adapter-stamp,eu.supersede.dynadapt.usecases.patterns,MonitorsMatch.Immutable,9,0,0,0,3,0,2,0,2,0
adapter-stamp,eu.supersede.dynadapt.usecases.patterns,RealizationsMatch.Immutable,8,0,0,0,3,0,2,0,2,0
adapter-stamp,eu.supersede.dynadapt.usecases.patterns,TwitterTimeSlotMatch,195,0,28,0,47,0,31,0,17,0
adapter-stamp,eu.supersede.dynadapt.usecases.patterns,ClassGeneralizationsMatch.Immutable,8,0,0,0,3,0,2,0,2,0
adapter-stamp,eu.supersede.dynadapt.usecases.patterns,CMSInstancesMatch.Mutable,7,0,0,0,3,0,2,0,2,0
adapter-stamp,eu.supersede.dynadapt.usecases.patterns,TwitterTimeSlotMatch.Mutable,7,0,0,0,3,0,2,0,2,0
adapter-stamp,eu.supersede.dynadapt.usecases.patterns,HSKVirtualExecutionEnvironmentsMatch.Mutable,7,0,0,0,3,0,2,0,2,0
adapter-stamp,eu.supersede.dynadapt.usecases.patterns,VirtualExecutionEnvContainingAComponentMatch.Immutable,8,0,0,0,3,0,2,0,2,0
adapter-stamp,eu.supersede.dynadapt.usecases.patterns,TwitterTimeSlotMatcher,143,0,2,0,33,0,18,0,17,0
adapter-stamp,eu.supersede.dynadapt.usecases.patterns,CMSConfigurationInstancesMatch,195,0,28,0,47,0,31,0,17,0
adapter-stamp,eu.supersede.dynadapt.usecases.patterns,InstanceSpecificationLinkMatch.Mutable,7,0,0,0,3,0,2,0,2,0
adapter-stamp,eu.supersede.dynadapt.usecases.patterns,ClassGeneralizationsMatch.Mutable,8,0,0,0,3,0,2,0,2,0
adapter-stamp,eu.supersede.dynadapt.usecases.patterns,ClassesMatch.Mutable,8,0,0,0,3,0,2,0,2,0
adapter-stamp,eu.supersede.dynadapt.usecases.patterns,HSKExecutionEnvironmentsMatch.Mutable,7,0,0,0,3,0,2,0,2,0
adapter-stamp,eu.supersede.dynadapt.usecases.patterns,InstanceOfInstanceSpecificationLinkMatch,287,0,42,0,60,0,40,0,19,0
adapter-stamp,eu.supersede.dynadapt.usecases.patterns,ArtifactManifestationsMatch,287,0,42,0,60,0,40,0,19,0
adapter-stamp,eu.supersede.dynadapt.usecases.patterns,HSKVirtualExecutionEnvironmentsMatch,195,0,28,0,47,0,31,0,17,0
adapter-stamp,eu.supersede.dynadapt.usecases.patterns,VirtualExecutionEnvContainingAComponentMatch.Mutable,8,0,0,0,3,0,2,0,2,0
adapter-stamp,eu.supersede.dynadapt.usecases.patterns,CMSInstancesMatch.Immutable,7,0,0,0,3,0,2,0,2,0
adapter-stamp,eu.supersede.dynadapt.usecases.patterns,NodeArtifactsMatcher,232,0,2,0,41,0,24,0,23,0
adapter-stamp,eu.supersede.dynadapt.usecases.patterns,Siemens_queries,21,0,2,0,8,0,5,0,4,0
adapter-stamp,eu.supersede.dynadapt.usecases.patterns,VMInstancesContainingHSKServicesMatch.Mutable,7,0,0,0,3,0,2,0,2,0
adapter-stamp,eu.supersede.dynadapt.usecases.patterns,Monitoring_reconfiguration_queries,71,0,2,0,23,0,15,0,14,0
adapter-stamp,eu.supersede.dynadapt.usecases.patterns,VMInstancesContainingHSKServicesMatch.Immutable,7,0,0,0,3,0,2,0,2,0
adapter-stamp,eu.supersede.dynadapt.usecases.patterns,CMSConfigurationInstancesMatch.Immutable,7,0,0,0,3,0,2,0,2,0
adapter-stamp,eu.supersede.dynadapt.usecases.patterns,InstancesMatch.Mutable,8,0,0,0,3,0,2,0,2,0
adapter-stamp,eu.supersede.dynadapt.usecases.patterns,CMSInstanceToConfigurationLinkMatch.Mutable,8,0,0,0,3,0,2,0,2,0
adapter-stamp,eu.supersede.dynadapt.usecases.patterns,ArtifactManifestationsMatch.Mutable,8,0,0,0,3,0,2,0,2,0
adapter-stamp,eu.supersede.dynadapt.usecases.patterns,CMSInstanceToConfigurationLinkMatch.Immutable,8,0,0,0,3,0,2,0,2,0
adapter-stamp,eu.supersede.dynadapt.usecases.patterns,MonitorsMatcher,315,0,2,0,47,0,28,0,27,0
adapter-stamp,eu.supersede.dynadapt.usecases.patterns,RealizationsMatcher,232,0,2,0,41,0,24,0,23,0
adapter-stamp,eu.supersede.dynadapt.usecases.patterns,NodeArtifactsMatch.Immutable,8,0,0,0,3,0,2,0,2,0
adapter-stamp,eu.supersede.dynadapt.usecases.patterns,InstanceSpecificationLinkMatcher,143,0,2,0,33,0,18,0,17,0
adapter-stamp,eu.supersede.dynadapt.usecases.patterns,HSKExecutionEnvironmentsMatcher,143,0,2,0,33,0,18,0,17,0
adapter-stamp,eu.supersede.dynadapt.usecases.patterns,MonitorsMatch.Mutable,9,0,0,0,3,0,2,0,2,0
adapter-stamp,eu.supersede.dynadapt.usecases.patterns,ClassesMatch.Immutable,8,0,0,0,3,0,2,0,2,0
adapter-stamp,eu.supersede.dynadapt.usecases.patterns,ClassesMatch,287,0,42,0,60,0,40,0,19,0
adapter-stamp,eu.supersede.dynadapt.usecases.patterns,TwitterTimeSlotMatch.Immutable,7,0,0,0,3,0,2,0,2,0
adapter-stamp,eu.supersede.dynadapt.usecases.patterns,ArtifactManifestationsMatcher,232,0,2,0,41,0,24,0,23,0
adapter-stamp,eu.supersede.dynadapt.usecases.patterns,MonitorsMatch,379,0,56,0,73,0,49,0,21,0
adapter-stamp,eu.supersede.dynadapt.usecases.patterns,NodeArtifactsMatch,287,0,42,0,60,0,40,0,19,0
adapter-stamp,eu.supersede.dynadapt.usecases.patterns,InstanceOfInstanceSpecificationLinkMatch.Immutable,8,0,0,0,3,0,2,0,2,0
adapter-stamp,eu.supersede.dynadapt.usecases.patterns,GetMeteorologicalDataServicesMatch.Mutable,7,0,0,0,3,0,2,0,2,0
adapter-stamp,eu.supersede.dynadapt.usecases.patterns,Atos_query_patterns,131,0,2,0,41,0,27,0,26,0
adapter-stamp,eu.supersede.dynadapt.usecases.patterns,InstanceSpecificationsAsManifestationsOfNodeArtifactsMatch.Immutable,8,0,0,0,3,0,2,0,2,0
adapter-stamp,eu.supersede.dynadapt.usecases.patterns,GetMeteorologicalDataServicesMatcher,143,0,2,0,33,0,18,0,17,0
adapter-stamp,eu.supersede.dynadapt.usecases.patterns,InstanceSpecificationLinkMatch.Immutable,7,0,0,0,3,0,2,0,2,0
adapter-stamp,eu.supersede.dynadapt.usecases.patterns,VMInstancesContainingHSKServicesMatch,195,0,28,0,47,0,31,0,17,0
adapter-stamp,eu.supersede.dynadapt.usecases.patterns,HSKExecutionEnvironmentsMatch.Immutable,7,0,0,0,3,0,2,0,2,0
adapter-stamp,eu.supersede.dynadapt.usecases.patterns,GetMeteorologicalDataServicesMatch.Immutable,7,0,0,0,3,0,2,0,2,0
adapter-stamp,eu.supersede.dynadapt.usecases.patterns,ClassesMatcher,232,0,2,0,41,0,24,0,23,0
adapter-stamp,eu.supersede.dynadapt.usecases.patterns,CMSInstancesMatcher,143,0,2,0,33,0,18,0,17,0
adapter-stamp,eu.supersede.dynadapt.usecases.patterns,NodeArtifactsMatch.Mutable,8,0,0,0,3,0,2,0,2,0
adapter-stamp,eu.supersede.dynadapt.usecases.patterns,InstanceOfInstanceSpecificationLinkMatch.Mutable,8,0,0,0,3,0,2,0,2,0
adapter-stamp,eu.supersede.dynadapt.usecases.patterns,InstanceOfInstanceSpecificationLinkMatcher,232,0,2,0,41,0,24,0,23,0
adapter-stamp,eu.supersede.dynadapt.usecases.patterns,CMSInstanceToConfigurationLinkMatcher,232,0,2,0,41,0,24,0,23,0
adapter-stamp,eu.supersede.dynadapt.usecases.patterns,VMInstancesContainingHSKServicesMatcher,143,0,2,0,33,0,18,0,17,0
adapter-stamp,eu.supersede.dynadapt.usecases.patterns,InstancesMatch.Immutable,8,0,0,0,3,0,2,0,2,0
adapter-stamp,eu.supersede.dynadapt.usecases.patterns,CMSInstanceToConfigurationLinkMatch,287,0,42,0,60,0,40,0,19,0
adapter-stamp,eu.supersede.dynadapt.usecases.patterns,InstancesMatcher,232,0,2,0,41,0,24,0,23,0
adapter-stamp,eu.supersede.dynadapt.usecases.patterns,CMSInstancesMatch,195,0,28,0,47,0,31,0,17,0
adapter-stamp,eu.supersede.dynadapt.usecases.patterns,InstanceSpecificationsAsManifestationsOfNodeArtifactsMatch.Mutable,8,0,0,0,3,0,2,0,2,0
adapter-stamp,eu.supersede.dynadapt.usecases.patterns,RealizationsMatch,287,0,42,0,60,0,40,0,19,0
adapter-stamp,eu.supersede.dynadapt.usecases.patterns,ClassGeneralizationsMatch,287,0,42,0,60,0,40,0,19,0
adapter-stamp,eu.supersede.dynadapt.adapter.system,ModelRepositoryResolver,31,0,0,0,9,0,3,0,3,0
adapter-stamp,eu.supersede.dynadapt.adapter.system,RepositoryMetadata.ResourceTimestamp,24,0,0,0,1,0,1,0,1,0
adapter-stamp,eu.supersede.dynadapt.adapter.system,RepositoryMetadata.ResourceType,34,0,0,0,1,0,1,0,1,0
adapter-stamp,eu.supersede.dynadapt.adapter.system,ModelRepositoryMapping,420,0,12,0,64,0,14,0,4,0
adapter-stamp,eu.supersede.dynadapt.adapter.system,SupersedeSystem,127,0,8,0,25,0,12,0,5,0
adapter-stamp,eu.supersede.dynadapt.adapter.system,RepositoryMetadata,24,0,0,0,10,0,5,0,5,0
adapter-stamp,eu.supersede.dynadapt.adapter.kpi,AdapterKPIComputer,63,76,4,2,10,16,7,4,4,4
adapter-stamp,eu.supersede.dynadapt.adapter.exception,EnactmentException,11,0,0,0,6,0,3,0,3,0
adapter-stamp,eu.supersede.dynadapt.adapter,Adapter,832,1017,64,94,188,197,52,59,13,19
adapter-stamp,eu.supersede.dynadapt.usecases.patterns.util,NodeArtifactsQuerySpecification,27,0,0,0,9,0,6,0,6,0
adapter-stamp,eu.supersede.dynadapt.usecases.patterns.util,InstanceSpecificationLinkQuerySpecification.GeneratedPQuery,172,0,0,0,23,0,6,0,6,0
adapter-stamp,eu.supersede.dynadapt.usecases.patterns.util,InstanceSpecificationLinkQuerySpecification,23,0,0,0,9,0,6,0,6,0
adapter-stamp,eu.supersede.dynadapt.usecases.patterns.util,CMSConfigurationInstancesQuerySpecification.LazyHolder,12,0,0,0,4,0,2,0,2,0
adapter-stamp,eu.supersede.dynadapt.usecases.patterns.util,RealizationsQuerySpecification.GeneratedPQuery,290,0,0,0,32,0,6,0,6,0
adapter-stamp,eu.supersede.dynadapt.usecases.patterns.util,VirtualExecutionEnvContainingAComponentQuerySpecification.LazyHolder,12,0,0,0,4,0,2,0,2,0
adapter-stamp,eu.supersede.dynadapt.usecases.patterns.util,HSKVirtualExecutionEnvironmentsQuerySpecification.LazyHolder,12,0,0,0,4,0,2,0,2,0
adapter-stamp,eu.supersede.dynadapt.usecases.patterns.util,MonitorsQuerySpecification.GeneratedPQuery,392,0,0,0,39,0,6,0,6,0
adapter-stamp,eu.supersede.dynadapt.usecases.patterns.util,TwitterTimeSlotQuerySpecification,35,0,0,0,13,0,8,0,8,0
adapter-stamp,eu.supersede.dynadapt.usecases.patterns.util,VMInstancesContainingHSKServicesQuerySpecification,23,0,0,0,9,0,6,0,6,0
adapter-stamp,eu.supersede.dynadapt.usecases.patterns.util,MonitorsQuerySpecification.LazyHolder,12,0,0,0,4,0,2,0,2,0
adapter-stamp,eu.supersede.dynadapt.usecases.patterns.util,InstanceOfInstanceSpecificationLinkProcessor,10,0,0,0,3,0,2,0,2,0
adapter-stamp,eu.supersede.dynadapt.usecases.patterns.util,ClassGeneralizationsQuerySpecification.GeneratedPQuery,322,0,0,0,32,0,6,0,6,0
adapter-stamp,eu.supersede.dynadapt.usecases.patterns.util,GetMeteorologicalDataServicesQuerySpecification.GeneratedPQuery.new IExpressionEvaluator() {...},25,0,0,0,5,0,4,0,4,0
adapter-stamp,eu.supersede.dynadapt.usecases.patterns.util,CMSConfigurationInstancesQuerySpecification.GeneratedPQuery,458,0,0,0,46,0,6,0,6,0
adapter-stamp,eu.supersede.dynadapt.usecases.patterns.util,ClassesQuerySpecification.LazyHolder,12,0,0,0,4,0,2,0,2,0
adapter-stamp,eu.supersede.dynadapt.usecases.patterns.util,InstanceOfInstanceSpecificationLinkQuerySpecification,27,0,0,0,9,0,6,0,6,0
adapter-stamp,eu.supersede.dynadapt.usecases.patterns.util,TwitterTimeSlotQuerySpecification.LazyHolder,12,0,0,0,4,0,2,0,2,0
adapter-stamp,eu.supersede.dynadapt.usecases.patterns.util,InstancesQuerySpecification,27,0,0,0,9,0,6,0,6,0
adapter-stamp,eu.supersede.dynadapt.usecases.patterns.util,CMSInstanceToConfigurationLinkQuerySpecification.LazyHolder,12,0,0,0,4,0,2,0,2,0
adapter-stamp,eu.supersede.dynadapt.usecases.patterns.util,NodeArtifactsQuerySpecification.GeneratedPQuery,242,0,0,0,28,0,6,0,6,0
adapter-stamp,eu.supersede.dynadapt.usecases.patterns.util,ArtifactManifestationsProcessor,10,0,0,0,3,0,2,0,2,0
adapter-stamp,eu.supersede.dynadapt.usecases.patterns.util,NodeArtifactsProcessor,10,0,0,0,3,0,2,0,2,0
adapter-stamp,eu.supersede.dynadapt.usecases.patterns.util,CMSInstanceToConfigurationLinkQuerySpecification.GeneratedPQuery.new IExpressionEvaluator() {...},25,0,0,0,5,0,4,0,4,0
adapter-stamp,eu.supersede.dynadapt.usecases.patterns.util,GetMeteorologicalDataServicesQuerySpecification,29,0,0,0,11,0,7,0,7,0
adapter-stamp,eu.supersede.dynadapt.usecases.patterns.util,CMSConfigurationInstancesQuerySpecification,29,0,0,0,11,0,7,0,7,0
adapter-stamp,eu.supersede.dynadapt.usecases.patterns.util,ClassesQuerySpecification.GeneratedPQuery,207,0,0,0,24,0,6,0,6,0
adapter-stamp,eu.supersede.dynadapt.usecases.patterns.util,ArtifactManifestationsQuerySpecification.GeneratedPQuery,266,0,0,0,30,0,6,0,6,0
adapter-stamp,eu.supersede.dynadapt.usecases.patterns.util,RealizationsQuerySpecification.LazyHolder,12,0,0,0,4,0,2,0,2,0
adapter-stamp,eu.supersede.dynadapt.usecases.patterns.util,HSKExecutionEnvironmentsQuerySpecification.LazyHolder,12,0,0,0,4,0,2,0,2,0
adapter-stamp,eu.supersede.dynadapt.usecases.patterns.util,GetMeteorologicalDataServicesProcessor,8,0,0,0,3,0,2,0,2,0
adapter-stamp,eu.supersede.dynadapt.usecases.patterns.util,ClassGeneralizationsQuerySpecification,27,0,0,0,9,0,6,0,6,0
adapter-stamp,eu.supersede.dynadapt.usecases.patterns.util,CMSInstanceToConfigurationLinkProcessor,10,0,0,0,3,0,2,0,2,0
adapter-stamp,eu.supersede.dynadapt.usecases.patterns.util,HSKVirtualExecutionEnvironmentsQuerySpecification,29,0,0,0,11,0,7,0,7,0
adapter-stamp,eu.supersede.dynadapt.usecases.patterns.util,MonitorsProcessor,12,0,0,0,3,0,2,0,2,0
adapter-stamp,eu.supersede.dynadapt.usecases.patterns.util,VirtualExecutionEnvContainingAComponentQuerySpecification,27,0,0,0,9,0,6,0,6,0
adapter-stamp,eu.supersede.dynadapt.usecases.patterns.util,ClassesProcessor,10,0,0,0,3,0,2,0,2,0
adapter-stamp,eu.supersede.dynadapt.usecases.patterns.util,ArtifactManifestationsQuerySpecification.LazyHolder,12,0,0,0,4,0,2,0,2,0
adapter-stamp,eu.supersede.dynadapt.usecases.patterns.util,RealizationsQuerySpecification,27,0,0,0,9,0,6,0,6,0
adapter-stamp,eu.supersede.dynadapt.usecases.patterns.util,CMSInstancesQuerySpecification.GeneratedPQuery.new IExpressionEvaluator() {...},25,0,0,0,5,0,4,0,4,0
adapter-stamp,eu.supersede.dynadapt.usecases.patterns.util,InstanceSpecificationsAsManifestationsOfNodeArtifactsProcessor,10,0,0,0,3,0,2,0,2,0
adapter-stamp,eu.supersede.dynadapt.usecases.patterns.util,MonitorsQuerySpecification.GeneratedPQuery.new IExpressionEvaluator() {...},25,0,0,0,5,0,4,0,4,0
adapter-stamp,eu.supersede.dynadapt.usecases.patterns.util,InstancesProcessor,10,0,0,0,3,0,2,0,2,0
adapter-stamp,eu.supersede.dynadapt.usecases.patterns.util,NodeArtifactsQuerySpecification.LazyHolder,12,0,0,0,4,0,2,0,2,0
adapter-stamp,eu.supersede.dynadapt.usecases.patterns.util,CMSInstancesQuerySpecification,29,0,0,0,11,0,7,0,7,0
adapter-stamp,eu.supersede.dynadapt.usecases.patterns.util,InstanceOfInstanceSpecificationLinkQuerySpecification.LazyHolder,12,0,0,0,4,0,2,0,2,0
adapter-stamp,eu.supersede.dynadapt.usecases.patterns.util,GetMeteorologicalDataServicesQuerySpecification.GeneratedPQuery,188,0,0,0,24,0,6,0,6,0
adapter-stamp,eu.supersede.dynadapt.usecases.patterns.util,GetMeteorologicalDataServicesQuerySpecification.LazyHolder,12,0,0,0,4,0,2,0,2,0
adapter-stamp,eu.supersede.dynadapt.usecases.patterns.util,HSKVirtualExecutionEnvironmentsProcessor,8,0,0,0,3,0,2,0,2,0
adapter-stamp,eu.supersede.dynadapt.usecases.patterns.util,RealizationsProcessor,10,0,0,0,3,0,2,0,2,0
adapter-stamp,eu.supersede.dynadapt.usecases.patterns.util,HSKExecutionEnvironmentsQuerySpecification,29,0,0,0,11,0,7,0,7,0
adapter-stamp,eu.supersede.dynadapt.usecases.patterns.util,CMSInstanceToConfigurationLinkQuerySpecification.GeneratedPQuery,394,0,0,0,40,0,6,0,6,0
adapter-stamp,eu.supersede.dynadapt.usecases.patterns.util,InstancesQuerySpecification.LazyHolder,12,0,0,0,4,0,2,0,2,0
adapter-stamp,eu.supersede.dynadapt.usecases.patterns.util,CMSConfigurationInstancesProcessor,8,0,0,0,3,0,2,0,2,0
adapter-stamp,eu.supersede.dynadapt.usecases.patterns.util,VMInstancesContainingHSKServicesQuerySpecification.GeneratedPQuery,257,0,0,0,29,0,6,0,6,0
adapter-stamp,eu.supersede.dynadapt.usecases.patterns.util,VMInstancesContainingHSKServicesQuerySpecification.LazyHolder,12,0,0,0,4,0,2,0,2,0
adapter-stamp,eu.supersede.dynadapt.usecases.patterns.util,HSKVirtualExecutionEnvironmentsQuerySpecification.GeneratedPQuery.new IExpressionEvaluator() {...},25,0,0,0,5,0,4,0,4,0
adapter-stamp,eu.supersede.dynadapt.usecases.patterns.util,HSKExecutionEnvironmentsQuerySpecification.GeneratedPQuery,251,0,0,0,29,0,6,0,6,0
adapter-stamp,eu.supersede.dynadapt.usecases.patterns.util,MonitorsQuerySpecification,37,0,0,0,11,0,7,0,7,0
adapter-stamp,eu.supersede.dynadapt.usecases.patterns.util,InstanceOfInstanceSpecificationLinkQuerySpecification.GeneratedPQuery,321,0,0,0,34,0,6,0,6,0
adapter-stamp,eu.supersede.dynadapt.usecases.patterns.util,ClassesQuerySpecification,27,0,0,0,9,0,6,0,6,0
adapter-stamp,eu.supersede.dynadapt.usecases.patterns.util,TwitterTimeSlotQuerySpecification.GeneratedPQuery,323,0,0,0,35,0,6,0,6,0
adapter-stamp,eu.supersede.dynadapt.usecases.patterns.util,InstanceSpecificationsAsManifestationsOfNodeArtifactsQuerySpecification.GeneratedPQuery,162,0,0,0,21,0,6,0,6,0
adapter-stamp,eu.supersede.dynadapt.usecases.patterns.util,CMSConfigurationInstancesQuerySpecification.GeneratedPQuery.new IExpressionEvaluator() {...},25,0,0,0,5,0,4,0,4,0
adapter-stamp,eu.supersede.dynadapt.usecases.patterns.util,InstanceSpecificationsAsManifestationsOfNodeArtifactsQuerySpecification,27,0,0,0,9,0,6,0,6,0
adapter-stamp,eu.supersede.dynadapt.usecases.patterns.util,InstancesQuerySpecification.GeneratedPQuery,207,0,0,0,24,0,6,0,6,0
adapter-stamp,eu.supersede.dynadapt.usecases.patterns.util,HSKExecutionEnvironmentsQuerySpecification.GeneratedPQuery.new IExpressionEvaluator() {...},25,0,0,0,5,0,4,0,4,0
adapter-stamp,eu.supersede.dynadapt.usecases.patterns.util,VirtualExecutionEnvContainingAComponentQuerySpecification.GeneratedPQuery,424,0,0,0,40,0,6,0,6,0
adapter-stamp,eu.supersede.dynadapt.usecases.patterns.util,CMSInstancesQuerySpecification.GeneratedPQuery,247,0,0,0,30,0,6,0,6,0
adapter-stamp,eu.supersede.dynadapt.usecases.patterns.util,InstanceSpecificationsAsManifestationsOfNodeArtifactsQuerySpecification.LazyHolder,12,0,0,0,4,0,2,0,2,0
adapter-stamp,eu.supersede.dynadapt.usecases.patterns.util,ClassGeneralizationsQuerySpecification.LazyHolder,12,0,0,0,4,0,2,0,2,0
adapter-stamp,eu.supersede.dynadapt.usecases.patterns.util,CMSInstanceToConfigurationLinkQuerySpecification,33,0,0,0,11,0,7,0,7,0
adapter-stamp,eu.supersede.dynadapt.usecases.patterns.util,CMSInstancesQuerySpecification.LazyHolder,12,0,0,0,4,0,2,0,2,0
adapter-stamp,eu.supersede.dynadapt.usecases.patterns.util,VMInstancesContainingHSKServicesProcessor,8,0,0,0,3,0,2,0,2,0
adapter-stamp,eu.supersede.dynadapt.usecases.patterns.util,HSKVirtualExecutionEnvironmentsQuerySpecification.GeneratedPQuery,212,0,0,0,26,0,6,0,6,0
adapter-stamp,eu.supersede.dynadapt.usecases.patterns.util,InstanceSpecificationLinkQuerySpecification.LazyHolder,12,0,0,0,4,0,2,0,2,0
adapter-stamp,eu.supersede.dynadapt.usecases.patterns.util,ClassGeneralizationsProcessor,10,0,0,0,3,0,2,0,2,0
adapter-stamp,eu.supersede.dynadapt.usecases.patterns.util,InstanceSpecificationLinkProcessor,8,0,0,0,3,0,2,0,2,0
adapter-stamp,eu.supersede.dynadapt.usecases.patterns.util,TwitterTimeSlotQuerySpecification.GeneratedPQuery.new IExpressionEvaluator() {...},25,0,0,0,5,0,4,0,4,0
adapter-stamp,eu.supersede.dynadapt.usecases.patterns.util,CMSInstancesProcessor,8,0,0,0,3,0,2,0,2,0
adapter-stamp,eu.supersede.dynadapt.usecases.patterns.util,TwitterTimeSlotQuerySpecification.GeneratedPQuery.new IExpressionEvaluator() {...},25,0,0,0,5,0,4,0,4,0
adapter-stamp,eu.supersede.dynadapt.usecases.patterns.util,HSKExecutionEnvironmentsProcessor,8,0,0,0,3,0,2,0,2,0
adapter-stamp,eu.supersede.dynadapt.usecases.patterns.util,TwitterTimeSlotProcessor,8,0,0,0,3,0,2,0,2,0
adapter-stamp,eu.supersede.dynadapt.usecases.patterns.util,ArtifactManifestationsQuerySpecification,27,0,0,0,9,0,6,0,6,0
adapter-stamp,eu.supersede.dynadapt.usecases.patterns.util,VirtualExecutionEnvContainingAComponentProcessor,10,0,0,0,3,0,2,0,2,0
