<?xml version="1.0" encoding="UTF-8"?>
<coverage generated="1539692993749" clover="4.2.0">
   <project name="adapter-stamp 1.0.0-SNAPSHOT" timestamp="1539692987693">
      <metrics coveredelements="230" complexity="1706" loc="14454" methods="1143" classes="165" statements="3157" packages="6" coveredconditionals="46" coveredmethods="22" elements="5132" ncloc="8270" files="87" conditionals="832" coveredstatements="162"/>
      <package name="eu.supersede.dynadapt.adapter.exception">
         <metrics coveredelements="0" complexity="3" loc="17" methods="3" classes="1" statements="3" coveredconditionals="0" coveredmethods="0" elements="6" ncloc="12" files="1" conditionals="0" coveredstatements="0"/>
         <file path="/home/yosu/Projects/STAMP/Git/Supersede/dyn_adapt/Enactment/components/adapter/model/eu.supersede.dynadapt.adapter-stamp/src/main/java/eu/supersede/dynadapt/adapter/exception/EnactmentException.java" name="EnactmentException.java">
            <metrics coveredelements="0" coveredconditionals="0" complexity="3" loc="17" coveredmethods="0" methods="3" elements="6" classes="1" ncloc="12" statements="3" conditionals="0" coveredstatements="0"/>
            <class name="EnactmentException">
               <metrics coveredelements="0" coveredconditionals="0" complexity="3" coveredmethods="0" methods="3" elements="6" statements="3" conditionals="0" coveredstatements="0"/>
            </class>
            <line complexity="1" visibility="public" signature="EnactmentException()" num="5" count="0" type="method"/>
            <line num="6" count="0" type="stmt"/>
            <line complexity="1" visibility="public" signature="EnactmentException(String)" num="9" count="0" type="method"/>
            <line num="10" count="0" type="stmt"/>
            <line complexity="1" visibility="public" signature="EnactmentException(Exception)" num="13" count="0" type="method"/>
            <line num="14" count="0" type="stmt"/>
         </file>
      </package>
      <package name="eu.supersede.dynadapt.usecases.patterns.util">
         <metrics coveredelements="0" complexity="302" loc="3940" methods="264" classes="76" statements="780" coveredconditionals="0" coveredmethods="0" elements="1044" ncloc="2580" files="38" conditionals="0" coveredstatements="0"/>
         <file path="/home/yosu/Projects/STAMP/Git/Supersede/dyn_adapt/Enactment/components/adapter/model/eu.supersede.dynadapt.adapter-stamp/src/main/java/eu/supersede/dynadapt/usecases/patterns/util/ArtifactManifestationsProcessor.java" name="ArtifactManifestationsProcessor.java">
            <metrics coveredelements="0" coveredconditionals="0" complexity="1" loc="31" coveredmethods="0" methods="1" elements="2" classes="1" ncloc="13" statements="1" conditionals="0" coveredstatements="0"/>
            <class name="ArtifactManifestationsProcessor">
               <metrics coveredelements="0" coveredconditionals="0" complexity="1" coveredmethods="0" methods="1" elements="2" statements="1" conditionals="0" coveredstatements="0"/>
            </class>
            <line complexity="1" visibility="public" signature="process(ArtifactManifestationsMatch) : void" num="27" count="0" type="method"/>
            <line num="29" count="0" type="stmt"/>
         </file>
         <file path="/home/yosu/Projects/STAMP/Git/Supersede/dyn_adapt/Enactment/components/adapter/model/eu.supersede.dynadapt.adapter-stamp/src/main/java/eu/supersede/dynadapt/usecases/patterns/util/ArtifactManifestationsQuerySpecification.java" name="ArtifactManifestationsQuerySpecification.java">
            <metrics coveredelements="0" coveredconditionals="0" complexity="13" loc="167" coveredmethods="0" methods="11" elements="47" classes="3" ncloc="115" statements="36" conditionals="0" coveredstatements="0"/>
            <class name="ArtifactManifestationsQuerySpecification">
               <metrics coveredelements="0" coveredconditionals="0" complexity="7" coveredmethods="0" methods="6" elements="14" statements="8" conditionals="0" coveredstatements="0"/>
            </class>
            <class name="ArtifactManifestationsQuerySpecification.LazyHolder">
               <metrics coveredelements="0" coveredconditionals="0" complexity="1" coveredmethods="0" methods="1" elements="3" statements="2" conditionals="0" coveredstatements="0"/>
            </class>
            <class name="ArtifactManifestationsQuerySpecification.GeneratedPQuery">
               <metrics coveredelements="0" coveredconditionals="0" complexity="5" coveredmethods="0" methods="4" elements="30" statements="26" conditionals="0" coveredstatements="0"/>
            </class>
            <line complexity="1" visibility="private" signature="ArtifactManifestationsQuerySpecification()" num="43" count="0" type="method"/>
            <line num="44" count="0" type="stmt"/>
            <line complexity="2" visibility="public" signature="instance() : ArtifactManifestationsQuerySpecification" num="52" count="0" type="method"/>
            <line num="53" count="0" type="stmt"/>
            <line num="54" count="0" type="stmt"/>
            <line num="56" count="0" type="stmt"/>
            <line complexity="1" visibility="protected" signature="instantiate(ViatraQueryEngine) : ArtifactManifestationsMatcher" num="60" count="0" type="method"/>
            <line num="62" count="0" type="stmt"/>
            <line complexity="1" visibility="public" signature="instantiate() : ArtifactManifestationsMatcher" num="65" count="0" type="method"/>
            <line num="67" count="0" type="stmt"/>
            <line complexity="1" visibility="public" signature="newEmptyMatch() : ArtifactManifestationsMatch" num="70" count="0" type="method"/>
            <line num="72" count="0" type="stmt"/>
            <line complexity="1" visibility="public" signature="newMatch(Object) : ArtifactManifestationsMatch" num="75" count="0" type="method"/>
            <line num="77" count="0" type="stmt"/>
            <line complexity="1" visibility="public" signature="ensureInitialized() : Object" num="100" count="0" type="method"/>
            <line num="101" count="0" type="stmt"/>
            <line num="102" count="0" type="stmt"/>
            <line complexity="1" visibility="public" signature="getFullyQualifiedName() : String" num="115" count="0" type="method"/>
            <line num="117" count="0" type="stmt"/>
            <line complexity="1" visibility="public" signature="getParameterNames() : List&lt;String&gt;" num="120" count="0" type="method"/>
            <line num="122" count="0" type="stmt"/>
            <line complexity="1" visibility="public" signature="getParameters() : List&lt;PParameter&gt;" num="125" count="0" type="method"/>
            <line num="127" count="0" type="stmt"/>
            <line complexity="2" visibility="public" signature="doGetContainedBodies() : Set&lt;PBody&gt;" num="130" count="0" type="method"/>
            <line num="132" count="0" type="stmt"/>
            <line num="133" count="0" type="stmt"/>
            <line num="134" count="0" type="stmt"/>
            <line num="136" count="0" type="stmt"/>
            <line num="137" count="0" type="stmt"/>
            <line num="138" count="0" type="stmt"/>
            <line num="139" count="0" type="stmt"/>
            <line num="140" count="0" type="stmt"/>
            <line num="141" count="0" type="stmt"/>
            <line num="146" count="0" type="stmt"/>
            <line num="148" count="0" type="stmt"/>
            <line num="149" count="0" type="stmt"/>
            <line num="150" count="0" type="stmt"/>
            <line num="151" count="0" type="stmt"/>
            <line num="153" count="0" type="stmt"/>
            <line num="154" count="0" type="stmt"/>
            <line num="155" count="0" type="stmt"/>
            <line num="156" count="0" type="stmt"/>
            <line num="157" count="0" type="stmt"/>
            <line num="160" count="0" type="stmt"/>
            <line num="160" count="0" type="stmt"/>
            <line num="162" count="0" type="stmt"/>
            <line num="164" count="0" type="stmt"/>
         </file>
         <file path="/home/yosu/Projects/STAMP/Git/Supersede/dyn_adapt/Enactment/components/adapter/model/eu.supersede.dynadapt.adapter-stamp/src/main/java/eu/supersede/dynadapt/usecases/patterns/util/CMSConfigurationInstancesProcessor.java" name="CMSConfigurationInstancesProcessor.java">
            <metrics coveredelements="0" coveredconditionals="0" complexity="1" loc="29" coveredmethods="0" methods="1" elements="2" classes="1" ncloc="12" statements="1" conditionals="0" coveredstatements="0"/>
            <class name="CMSConfigurationInstancesProcessor">
               <metrics coveredelements="0" coveredconditionals="0" complexity="1" coveredmethods="0" methods="1" elements="2" statements="1" conditionals="0" coveredstatements="0"/>
            </class>
            <line complexity="1" visibility="public" signature="process(CMSConfigurationInstancesMatch) : void" num="25" count="0" type="method"/>
            <line num="27" count="0" type="stmt"/>
         </file>
         <file path="/home/yosu/Projects/STAMP/Git/Supersede/dyn_adapt/Enactment/components/adapter/model/eu.supersede.dynadapt.adapter-stamp/src/main/java/eu/supersede/dynadapt/usecases/patterns/util/CMSConfigurationInstancesQuerySpecification.java" name="CMSConfigurationInstancesQuerySpecification.java">
            <metrics coveredelements="0" coveredconditionals="0" complexity="17" loc="210" coveredmethods="0" methods="15" elements="74" classes="3" ncloc="150" statements="59" conditionals="0" coveredstatements="0"/>
            <class name="CMSConfigurationInstancesQuerySpecification">
               <metrics coveredelements="0" coveredconditionals="0" complexity="8" coveredmethods="0" methods="7" elements="17" statements="10" conditionals="0" coveredstatements="0"/>
            </class>
            <class name="CMSConfigurationInstancesQuerySpecification.LazyHolder">
               <metrics coveredelements="0" coveredconditionals="0" complexity="1" coveredmethods="0" methods="1" elements="3" statements="2" conditionals="0" coveredstatements="0"/>
            </class>
            <class name="CMSConfigurationInstancesQuerySpecification.GeneratedPQuery">
               <metrics coveredelements="0" coveredconditionals="0" complexity="8" coveredmethods="0" methods="7" elements="54" statements="47" conditionals="0" coveredstatements="0"/>
            </class>
            <line complexity="1" visibility="private" signature="CMSConfigurationInstancesQuerySpecification()" num="46" count="0" type="method"/>
            <line num="47" count="0" type="stmt"/>
            <line complexity="2" visibility="public" signature="instance() : CMSConfigurationInstancesQuerySpecification" num="55" count="0" type="method"/>
            <line num="56" count="0" type="stmt"/>
            <line num="57" count="0" type="stmt"/>
            <line num="59" count="0" type="stmt"/>
            <line complexity="1" visibility="protected" signature="instantiate(ViatraQueryEngine) : CMSConfigurationInstancesMatcher" num="63" count="0" type="method"/>
            <line num="65" count="0" type="stmt"/>
            <line complexity="1" visibility="public" signature="instantiate() : CMSConfigurationInstancesMatcher" num="68" count="0" type="method"/>
            <line num="70" count="0" type="stmt"/>
            <line complexity="1" visibility="public" signature="newEmptyMatch() : CMSConfigurationInstancesMatch" num="73" count="0" type="method"/>
            <line num="75" count="0" type="stmt"/>
            <line complexity="1" visibility="public" signature="newMatch(Object) : CMSConfigurationInstancesMatch" num="78" count="0" type="method"/>
            <line num="80" count="0" type="stmt"/>
            <line complexity="1" visibility="public" signature="ensureInitialized() : Object" num="103" count="0" type="method"/>
            <line num="104" count="0" type="stmt"/>
            <line num="105" count="0" type="stmt"/>
            <line complexity="1" visibility="public" signature="getFullyQualifiedName() : String" num="116" count="0" type="method"/>
            <line num="118" count="0" type="stmt"/>
            <line complexity="1" visibility="public" signature="getParameterNames() : List&lt;String&gt;" num="121" count="0" type="method"/>
            <line num="123" count="0" type="stmt"/>
            <line complexity="1" visibility="public" signature="getParameters() : List&lt;PParameter&gt;" num="126" count="0" type="method"/>
            <line num="128" count="0" type="stmt"/>
            <line complexity="2" visibility="public" signature="doGetContainedBodies() : Set&lt;PBody&gt;" num="131" count="0" type="method"/>
            <line num="133" count="0" type="stmt"/>
            <line num="134" count="0" type="stmt"/>
            <line num="135" count="0" type="stmt"/>
            <line num="137" count="0" type="stmt"/>
            <line num="138" count="0" type="stmt"/>
            <line num="139" count="0" type="stmt"/>
            <line num="140" count="0" type="stmt"/>
            <line num="141" count="0" type="stmt"/>
            <line num="142" count="0" type="stmt"/>
            <line num="143" count="0" type="stmt"/>
            <line num="144" count="0" type="stmt"/>
            <line num="145" count="0" type="stmt"/>
            <line num="149" count="0" type="stmt"/>
            <line num="151" count="0" type="stmt"/>
            <line num="152" count="0" type="stmt"/>
            <line num="153" count="0" type="stmt"/>
            <line num="154" count="0" type="stmt"/>
            <line num="156" count="0" type="stmt"/>
            <line num="157" count="0" type="stmt"/>
            <line num="158" count="0" type="stmt"/>
            <line num="159" count="0" type="stmt"/>
            <line num="161" count="0" type="stmt"/>
            <line num="162" count="0" type="stmt"/>
            <line num="163" count="0" type="stmt"/>
            <line num="164" count="0" type="stmt"/>
            <line num="166" count="0" type="stmt"/>
            <line num="167" count="0" type="stmt"/>
            <line num="168" count="0" type="stmt"/>
            <line num="169" count="0" type="stmt"/>
            <line num="171" count="0" type="stmt"/>
            <line num="173" count="0" type="stmt"/>
            <line num="174" count="0" type="stmt"/>
            <line num="175" count="0" type="stmt"/>
            <line num="176" count="0" type="stmt"/>
            <line num="178" count="0" type="stmt"/>
            <line complexity="1" visibility="public" signature="getShortDescription() : String" num="180" count="0" type="method"/>
            <line num="182" count="0" type="stmt"/>
            <line complexity="1" visibility="public" signature="getInputParameterNames() : Iterable&lt;String&gt;" num="185" count="0" type="method"/>
            <line num="187" count="0" type="stmt"/>
            <line complexity="1" visibility="public" signature="evaluateExpression(IValueProvider) : Object" num="189" count="0" type="method"/>
            <line num="191" count="0" type="stmt"/>
            <line num="192" count="0" type="stmt"/>
            <line num="195" count="0" type="stmt"/>
            <line num="198" count="0" type="stmt"/>
            <line num="198" count="0" type="stmt"/>
            <line num="200" count="0" type="stmt"/>
            <line num="202" count="0" type="stmt"/>
            <line complexity="1" visibility="private" signature="evaluateExpression_1_1(String) : boolean" num="206" count="0" type="method"/>
            <line num="207" count="0" type="stmt"/>
            <line num="208" count="0" type="stmt"/>
         </file>
         <file path="/home/yosu/Projects/STAMP/Git/Supersede/dyn_adapt/Enactment/components/adapter/model/eu.supersede.dynadapt.adapter-stamp/src/main/java/eu/supersede/dynadapt/usecases/patterns/util/CMSInstanceToConfigurationLinkProcessor.java" name="CMSInstanceToConfigurationLinkProcessor.java">
            <metrics coveredelements="0" coveredconditionals="0" complexity="1" loc="30" coveredmethods="0" methods="1" elements="2" classes="1" ncloc="12" statements="1" conditionals="0" coveredstatements="0"/>
            <class name="CMSInstanceToConfigurationLinkProcessor">
               <metrics coveredelements="0" coveredconditionals="0" complexity="1" coveredmethods="0" methods="1" elements="2" statements="1" conditionals="0" coveredstatements="0"/>
            </class>
            <line complexity="1" visibility="public" signature="process(CMSInstanceToConfigurationLinkMatch) : void" num="26" count="0" type="method"/>
            <line num="28" count="0" type="stmt"/>
         </file>
         <file path="/home/yosu/Projects/STAMP/Git/Supersede/dyn_adapt/Enactment/components/adapter/model/eu.supersede.dynadapt.adapter-stamp/src/main/java/eu/supersede/dynadapt/usecases/patterns/util/CMSInstanceToConfigurationLinkQuerySpecification.java" name="CMSInstanceToConfigurationLinkQuerySpecification.java">
            <metrics coveredelements="0" coveredconditionals="0" complexity="17" loc="204" coveredmethods="0" methods="15" elements="67" classes="3" ncloc="145" statements="52" conditionals="0" coveredstatements="0"/>
            <class name="CMSInstanceToConfigurationLinkQuerySpecification">
               <metrics coveredelements="0" coveredconditionals="0" complexity="8" coveredmethods="0" methods="7" elements="17" statements="10" conditionals="0" coveredstatements="0"/>
            </class>
            <class name="CMSInstanceToConfigurationLinkQuerySpecification.LazyHolder">
               <metrics coveredelements="0" coveredconditionals="0" complexity="1" coveredmethods="0" methods="1" elements="3" statements="2" conditionals="0" coveredstatements="0"/>
            </class>
            <class name="CMSInstanceToConfigurationLinkQuerySpecification.GeneratedPQuery">
               <metrics coveredelements="0" coveredconditionals="0" complexity="8" coveredmethods="0" methods="7" elements="47" statements="40" conditionals="0" coveredstatements="0"/>
            </class>
            <line complexity="1" visibility="private" signature="CMSInstanceToConfigurationLinkQuerySpecification()" num="46" count="0" type="method"/>
            <line num="47" count="0" type="stmt"/>
            <line complexity="2" visibility="public" signature="instance() : CMSInstanceToConfigurationLinkQuerySpecification" num="55" count="0" type="method"/>
            <line num="56" count="0" type="stmt"/>
            <line num="57" count="0" type="stmt"/>
            <line num="59" count="0" type="stmt"/>
            <line complexity="1" visibility="protected" signature="instantiate(ViatraQueryEngine) : CMSInstanceToConfigurationLinkMatcher" num="63" count="0" type="method"/>
            <line num="65" count="0" type="stmt"/>
            <line complexity="1" visibility="public" signature="instantiate() : CMSInstanceToConfigurationLinkMatcher" num="68" count="0" type="method"/>
            <line num="70" count="0" type="stmt"/>
            <line complexity="1" visibility="public" signature="newEmptyMatch() : CMSInstanceToConfigurationLinkMatch" num="73" count="0" type="method"/>
            <line num="75" count="0" type="stmt"/>
            <line complexity="1" visibility="public" signature="newMatch(Object) : CMSInstanceToConfigurationLinkMatch" num="78" count="0" type="method"/>
            <line num="80" count="0" type="stmt"/>
            <line complexity="1" visibility="public" signature="ensureInitialized() : Object" num="103" count="0" type="method"/>
            <line num="104" count="0" type="stmt"/>
            <line num="105" count="0" type="stmt"/>
            <line complexity="1" visibility="public" signature="getFullyQualifiedName() : String" num="118" count="0" type="method"/>
            <line num="120" count="0" type="stmt"/>
            <line complexity="1" visibility="public" signature="getParameterNames() : List&lt;String&gt;" num="123" count="0" type="method"/>
            <line num="125" count="0" type="stmt"/>
            <line complexity="1" visibility="public" signature="getParameters() : List&lt;PParameter&gt;" num="128" count="0" type="method"/>
            <line num="130" count="0" type="stmt"/>
            <line complexity="2" visibility="public" signature="doGetContainedBodies() : Set&lt;PBody&gt;" num="133" count="0" type="method"/>
            <line num="135" count="0" type="stmt"/>
            <line num="136" count="0" type="stmt"/>
            <line num="137" count="0" type="stmt"/>
            <line num="139" count="0" type="stmt"/>
            <line num="140" count="0" type="stmt"/>
            <line num="141" count="0" type="stmt"/>
            <line num="142" count="0" type="stmt"/>
            <line num="143" count="0" type="stmt"/>
            <line num="144" count="0" type="stmt"/>
            <line num="145" count="0" type="stmt"/>
            <line num="150" count="0" type="stmt"/>
            <line num="152" count="0" type="stmt"/>
            <line num="153" count="0" type="stmt"/>
            <line num="154" count="0" type="stmt"/>
            <line num="155" count="0" type="stmt"/>
            <line num="157" count="0" type="stmt"/>
            <line num="158" count="0" type="stmt"/>
            <line num="159" count="0" type="stmt"/>
            <line num="160" count="0" type="stmt"/>
            <line num="162" count="0" type="stmt"/>
            <line num="163" count="0" type="stmt"/>
            <line num="164" count="0" type="stmt"/>
            <line num="165" count="0" type="stmt"/>
            <line num="167" count="0" type="stmt"/>
            <line num="168" count="0" type="stmt"/>
            <line num="169" count="0" type="stmt"/>
            <line num="170" count="0" type="stmt"/>
            <line num="172" count="0" type="stmt"/>
            <line complexity="1" visibility="public" signature="getShortDescription() : String" num="174" count="0" type="method"/>
            <line num="176" count="0" type="stmt"/>
            <line complexity="1" visibility="public" signature="getInputParameterNames() : Iterable&lt;String&gt;" num="179" count="0" type="method"/>
            <line num="181" count="0" type="stmt"/>
            <line complexity="1" visibility="public" signature="evaluateExpression(IValueProvider) : Object" num="183" count="0" type="method"/>
            <line num="185" count="0" type="stmt"/>
            <line num="186" count="0" type="stmt"/>
            <line num="189" count="0" type="stmt"/>
            <line num="192" count="0" type="stmt"/>
            <line num="192" count="0" type="stmt"/>
            <line num="194" count="0" type="stmt"/>
            <line num="196" count="0" type="stmt"/>
            <line complexity="1" visibility="private" signature="evaluateExpression_1_1(String) : boolean" num="200" count="0" type="method"/>
            <line num="201" count="0" type="stmt"/>
            <line num="202" count="0" type="stmt"/>
         </file>
         <file path="/home/yosu/Projects/STAMP/Git/Supersede/dyn_adapt/Enactment/components/adapter/model/eu.supersede.dynadapt.adapter-stamp/src/main/java/eu/supersede/dynadapt/usecases/patterns/util/CMSInstancesProcessor.java" name="CMSInstancesProcessor.java">
            <metrics coveredelements="0" coveredconditionals="0" complexity="1" loc="29" coveredmethods="0" methods="1" elements="2" classes="1" ncloc="12" statements="1" conditionals="0" coveredstatements="0"/>
            <class name="CMSInstancesProcessor">
               <metrics coveredelements="0" coveredconditionals="0" complexity="1" coveredmethods="0" methods="1" elements="2" statements="1" conditionals="0" coveredstatements="0"/>
            </class>
            <line complexity="1" visibility="public" signature="process(CMSInstancesMatch) : void" num="25" count="0" type="method"/>
            <line num="27" count="0" type="stmt"/>
         </file>
         <file path="/home/yosu/Projects/STAMP/Git/Supersede/dyn_adapt/Enactment/components/adapter/model/eu.supersede.dynadapt.adapter-stamp/src/main/java/eu/supersede/dynadapt/usecases/patterns/util/CMSInstancesQuerySpecification.java" name="CMSInstancesQuerySpecification.java">
            <metrics coveredelements="0" coveredconditionals="0" complexity="17" loc="190" coveredmethods="0" methods="15" elements="58" classes="3" ncloc="134" statements="43" conditionals="0" coveredstatements="0"/>
            <class name="CMSInstancesQuerySpecification">
               <metrics coveredelements="0" coveredconditionals="0" complexity="8" coveredmethods="0" methods="7" elements="17" statements="10" conditionals="0" coveredstatements="0"/>
            </class>
            <class name="CMSInstancesQuerySpecification.LazyHolder">
               <metrics coveredelements="0" coveredconditionals="0" complexity="1" coveredmethods="0" methods="1" elements="3" statements="2" conditionals="0" coveredstatements="0"/>
            </class>
            <class name="CMSInstancesQuerySpecification.GeneratedPQuery">
               <metrics coveredelements="0" coveredconditionals="0" complexity="8" coveredmethods="0" methods="7" elements="38" statements="31" conditionals="0" coveredstatements="0"/>
            </class>
            <line complexity="1" visibility="private" signature="CMSInstancesQuerySpecification()" num="46" count="0" type="method"/>
            <line num="47" count="0" type="stmt"/>
            <line complexity="2" visibility="public" signature="instance() : CMSInstancesQuerySpecification" num="55" count="0" type="method"/>
            <line num="56" count="0" type="stmt"/>
            <line num="57" count="0" type="stmt"/>
            <line num="59" count="0" type="stmt"/>
            <line complexity="1" visibility="protected" signature="instantiate(ViatraQueryEngine) : CMSInstancesMatcher" num="63" count="0" type="method"/>
            <line num="65" count="0" type="stmt"/>
            <line complexity="1" visibility="public" signature="instantiate() : CMSInstancesMatcher" num="68" count="0" type="method"/>
            <line num="70" count="0" type="stmt"/>
            <line complexity="1" visibility="public" signature="newEmptyMatch() : CMSInstancesMatch" num="73" count="0" type="method"/>
            <line num="75" count="0" type="stmt"/>
            <line complexity="1" visibility="public" signature="newMatch(Object) : CMSInstancesMatch" num="78" count="0" type="method"/>
            <line num="80" count="0" type="stmt"/>
            <line complexity="1" visibility="public" signature="ensureInitialized() : Object" num="103" count="0" type="method"/>
            <line num="104" count="0" type="stmt"/>
            <line num="105" count="0" type="stmt"/>
            <line complexity="1" visibility="public" signature="getFullyQualifiedName() : String" num="116" count="0" type="method"/>
            <line num="118" count="0" type="stmt"/>
            <line complexity="1" visibility="public" signature="getParameterNames() : List&lt;String&gt;" num="121" count="0" type="method"/>
            <line num="123" count="0" type="stmt"/>
            <line complexity="1" visibility="public" signature="getParameters() : List&lt;PParameter&gt;" num="126" count="0" type="method"/>
            <line num="128" count="0" type="stmt"/>
            <line complexity="2" visibility="public" signature="doGetContainedBodies() : Set&lt;PBody&gt;" num="131" count="0" type="method"/>
            <line num="133" count="0" type="stmt"/>
            <line num="134" count="0" type="stmt"/>
            <line num="135" count="0" type="stmt"/>
            <line num="137" count="0" type="stmt"/>
            <line num="138" count="0" type="stmt"/>
            <line num="139" count="0" type="stmt"/>
            <line num="140" count="0" type="stmt"/>
            <line num="141" count="0" type="stmt"/>
            <line num="142" count="0" type="stmt"/>
            <line num="146" count="0" type="stmt"/>
            <line num="148" count="0" type="stmt"/>
            <line num="149" count="0" type="stmt"/>
            <line num="150" count="0" type="stmt"/>
            <line num="151" count="0" type="stmt"/>
            <line num="153" count="0" type="stmt"/>
            <line num="154" count="0" type="stmt"/>
            <line num="155" count="0" type="stmt"/>
            <line num="156" count="0" type="stmt"/>
            <line num="158" count="0" type="stmt"/>
            <line complexity="1" visibility="public" signature="getShortDescription() : String" num="160" count="0" type="method"/>
            <line num="162" count="0" type="stmt"/>
            <line complexity="1" visibility="public" signature="getInputParameterNames() : Iterable&lt;String&gt;" num="165" count="0" type="method"/>
            <line num="167" count="0" type="stmt"/>
            <line complexity="1" visibility="public" signature="evaluateExpression(IValueProvider) : Object" num="169" count="0" type="method"/>
            <line num="171" count="0" type="stmt"/>
            <line num="172" count="0" type="stmt"/>
            <line num="175" count="0" type="stmt"/>
            <line num="178" count="0" type="stmt"/>
            <line num="178" count="0" type="stmt"/>
            <line num="180" count="0" type="stmt"/>
            <line num="182" count="0" type="stmt"/>
            <line complexity="1" visibility="private" signature="evaluateExpression_1_1(String) : boolean" num="186" count="0" type="method"/>
            <line num="187" count="0" type="stmt"/>
            <line num="188" count="0" type="stmt"/>
         </file>
         <file path="/home/yosu/Projects/STAMP/Git/Supersede/dyn_adapt/Enactment/components/adapter/model/eu.supersede.dynadapt.adapter-stamp/src/main/java/eu/supersede/dynadapt/usecases/patterns/util/ClassGeneralizationsProcessor.java" name="ClassGeneralizationsProcessor.java">
            <metrics coveredelements="0" coveredconditionals="0" complexity="1" loc="30" coveredmethods="0" methods="1" elements="2" classes="1" ncloc="12" statements="1" conditionals="0" coveredstatements="0"/>
            <class name="ClassGeneralizationsProcessor">
               <metrics coveredelements="0" coveredconditionals="0" complexity="1" coveredmethods="0" methods="1" elements="2" statements="1" conditionals="0" coveredstatements="0"/>
            </class>
            <line complexity="1" visibility="public" signature="process(ClassGeneralizationsMatch) : void" num="26" count="0" type="method"/>
            <line num="28" count="0" type="stmt"/>
         </file>
         <file path="/home/yosu/Projects/STAMP/Git/Supersede/dyn_adapt/Enactment/components/adapter/model/eu.supersede.dynadapt.adapter-stamp/src/main/java/eu/supersede/dynadapt/usecases/patterns/util/ClassGeneralizationsQuerySpecification.java" name="ClassGeneralizationsQuerySpecification.java">
            <metrics coveredelements="0" coveredconditionals="0" complexity="13" loc="168" coveredmethods="0" methods="11" elements="49" classes="3" ncloc="116" statements="38" conditionals="0" coveredstatements="0"/>
            <class name="ClassGeneralizationsQuerySpecification">
               <metrics coveredelements="0" coveredconditionals="0" complexity="7" coveredmethods="0" methods="6" elements="14" statements="8" conditionals="0" coveredstatements="0"/>
            </class>
            <class name="ClassGeneralizationsQuerySpecification.LazyHolder">
               <metrics coveredelements="0" coveredconditionals="0" complexity="1" coveredmethods="0" methods="1" elements="3" statements="2" conditionals="0" coveredstatements="0"/>
            </class>
            <class name="ClassGeneralizationsQuerySpecification.GeneratedPQuery">
               <metrics coveredelements="0" coveredconditionals="0" complexity="5" coveredmethods="0" methods="4" elements="32" statements="28" conditionals="0" coveredstatements="0"/>
            </class>
            <line complexity="1" visibility="private" signature="ClassGeneralizationsQuerySpecification()" num="42" count="0" type="method"/>
            <line num="43" count="0" type="stmt"/>
            <line complexity="2" visibility="public" signature="instance() : ClassGeneralizationsQuerySpecification" num="51" count="0" type="method"/>
            <line num="52" count="0" type="stmt"/>
            <line num="53" count="0" type="stmt"/>
            <line num="55" count="0" type="stmt"/>
            <line complexity="1" visibility="protected" signature="instantiate(ViatraQueryEngine) : ClassGeneralizationsMatcher" num="59" count="0" type="method"/>
            <line num="61" count="0" type="stmt"/>
            <line complexity="1" visibility="public" signature="instantiate() : ClassGeneralizationsMatcher" num="64" count="0" type="method"/>
            <line num="66" count="0" type="stmt"/>
            <line complexity="1" visibility="public" signature="newEmptyMatch() : ClassGeneralizationsMatch" num="69" count="0" type="method"/>
            <line num="71" count="0" type="stmt"/>
            <line complexity="1" visibility="public" signature="newMatch(Object) : ClassGeneralizationsMatch" num="74" count="0" type="method"/>
            <line num="76" count="0" type="stmt"/>
            <line complexity="1" visibility="public" signature="ensureInitialized() : Object" num="99" count="0" type="method"/>
            <line num="100" count="0" type="stmt"/>
            <line num="101" count="0" type="stmt"/>
            <line complexity="1" visibility="public" signature="getFullyQualifiedName() : String" num="114" count="0" type="method"/>
            <line num="116" count="0" type="stmt"/>
            <line complexity="1" visibility="public" signature="getParameterNames() : List&lt;String&gt;" num="119" count="0" type="method"/>
            <line num="121" count="0" type="stmt"/>
            <line complexity="1" visibility="public" signature="getParameters() : List&lt;PParameter&gt;" num="124" count="0" type="method"/>
            <line num="126" count="0" type="stmt"/>
            <line complexity="2" visibility="public" signature="doGetContainedBodies() : Set&lt;PBody&gt;" num="129" count="0" type="method"/>
            <line num="131" count="0" type="stmt"/>
            <line num="132" count="0" type="stmt"/>
            <line num="133" count="0" type="stmt"/>
            <line num="135" count="0" type="stmt"/>
            <line num="136" count="0" type="stmt"/>
            <line num="137" count="0" type="stmt"/>
            <line num="138" count="0" type="stmt"/>
            <line num="139" count="0" type="stmt"/>
            <line num="140" count="0" type="stmt"/>
            <line num="141" count="0" type="stmt"/>
            <line num="142" count="0" type="stmt"/>
            <line num="147" count="0" type="stmt"/>
            <line num="149" count="0" type="stmt"/>
            <line num="150" count="0" type="stmt"/>
            <line num="151" count="0" type="stmt"/>
            <line num="152" count="0" type="stmt"/>
            <line num="154" count="0" type="stmt"/>
            <line num="155" count="0" type="stmt"/>
            <line num="156" count="0" type="stmt"/>
            <line num="157" count="0" type="stmt"/>
            <line num="158" count="0" type="stmt"/>
            <line num="161" count="0" type="stmt"/>
            <line num="161" count="0" type="stmt"/>
            <line num="163" count="0" type="stmt"/>
            <line num="165" count="0" type="stmt"/>
         </file>
         <file path="/home/yosu/Projects/STAMP/Git/Supersede/dyn_adapt/Enactment/components/adapter/model/eu.supersede.dynadapt.adapter-stamp/src/main/java/eu/supersede/dynadapt/usecases/patterns/util/ClassesProcessor.java" name="ClassesProcessor.java">
            <metrics coveredelements="0" coveredconditionals="0" complexity="1" loc="29" coveredmethods="0" methods="1" elements="2" classes="1" ncloc="11" statements="1" conditionals="0" coveredstatements="0"/>
            <class name="ClassesProcessor">
               <metrics coveredelements="0" coveredconditionals="0" complexity="1" coveredmethods="0" methods="1" elements="2" statements="1" conditionals="0" coveredstatements="0"/>
            </class>
            <line complexity="1" visibility="public" signature="process(ClassesMatch) : void" num="25" count="0" type="method"/>
            <line num="27" count="0" type="stmt"/>
         </file>
         <file path="/home/yosu/Projects/STAMP/Git/Supersede/dyn_adapt/Enactment/components/adapter/model/eu.supersede.dynadapt.adapter-stamp/src/main/java/eu/supersede/dynadapt/usecases/patterns/util/ClassesQuerySpecification.java" name="ClassesQuerySpecification.java">
            <metrics coveredelements="0" coveredconditionals="0" complexity="13" loc="157" coveredmethods="0" methods="11" elements="41" classes="3" ncloc="107" statements="30" conditionals="0" coveredstatements="0"/>
            <class name="ClassesQuerySpecification">
               <metrics coveredelements="0" coveredconditionals="0" complexity="7" coveredmethods="0" methods="6" elements="14" statements="8" conditionals="0" coveredstatements="0"/>
            </class>
            <class name="ClassesQuerySpecification.LazyHolder">
               <metrics coveredelements="0" coveredconditionals="0" complexity="1" coveredmethods="0" methods="1" elements="3" statements="2" conditionals="0" coveredstatements="0"/>
            </class>
            <class name="ClassesQuerySpecification.GeneratedPQuery">
               <metrics coveredelements="0" coveredconditionals="0" complexity="5" coveredmethods="0" methods="4" elements="24" statements="20" conditionals="0" coveredstatements="0"/>
            </class>
            <line complexity="1" visibility="private" signature="ClassesQuerySpecification()" num="41" count="0" type="method"/>
            <line num="42" count="0" type="stmt"/>
            <line complexity="2" visibility="public" signature="instance() : ClassesQuerySpecification" num="50" count="0" type="method"/>
            <line num="51" count="0" type="stmt"/>
            <line num="52" count="0" type="stmt"/>
            <line num="54" count="0" type="stmt"/>
            <line complexity="1" visibility="protected" signature="instantiate(ViatraQueryEngine) : ClassesMatcher" num="58" count="0" type="method"/>
            <line num="60" count="0" type="stmt"/>
            <line complexity="1" visibility="public" signature="instantiate() : ClassesMatcher" num="63" count="0" type="method"/>
            <line num="65" count="0" type="stmt"/>
            <line complexity="1" visibility="public" signature="newEmptyMatch() : ClassesMatch" num="68" count="0" type="method"/>
            <line num="70" count="0" type="stmt"/>
            <line complexity="1" visibility="public" signature="newMatch(Object) : ClassesMatch" num="73" count="0" type="method"/>
            <line num="75" count="0" type="stmt"/>
            <line complexity="1" visibility="public" signature="ensureInitialized() : Object" num="98" count="0" type="method"/>
            <line num="99" count="0" type="stmt"/>
            <line num="100" count="0" type="stmt"/>
            <line complexity="1" visibility="public" signature="getFullyQualifiedName() : String" num="113" count="0" type="method"/>
            <line num="115" count="0" type="stmt"/>
            <line complexity="1" visibility="public" signature="getParameterNames() : List&lt;String&gt;" num="118" count="0" type="method"/>
            <line num="120" count="0" type="stmt"/>
            <line complexity="1" visibility="public" signature="getParameters() : List&lt;PParameter&gt;" num="123" count="0" type="method"/>
            <line num="125" count="0" type="stmt"/>
            <line complexity="2" visibility="public" signature="doGetContainedBodies() : Set&lt;PBody&gt;" num="128" count="0" type="method"/>
            <line num="130" count="0" type="stmt"/>
            <line num="131" count="0" type="stmt"/>
            <line num="132" count="0" type="stmt"/>
            <line num="134" count="0" type="stmt"/>
            <line num="135" count="0" type="stmt"/>
            <line num="136" count="0" type="stmt"/>
            <line num="137" count="0" type="stmt"/>
            <line num="138" count="0" type="stmt"/>
            <line num="143" count="0" type="stmt"/>
            <line num="144" count="0" type="stmt"/>
            <line num="145" count="0" type="stmt"/>
            <line num="146" count="0" type="stmt"/>
            <line num="147" count="0" type="stmt"/>
            <line num="150" count="0" type="stmt"/>
            <line num="150" count="0" type="stmt"/>
            <line num="152" count="0" type="stmt"/>
            <line num="154" count="0" type="stmt"/>
         </file>
         <file path="/home/yosu/Projects/STAMP/Git/Supersede/dyn_adapt/Enactment/components/adapter/model/eu.supersede.dynadapt.adapter-stamp/src/main/java/eu/supersede/dynadapt/usecases/patterns/util/GetMeteorologicalDataServicesProcessor.java" name="GetMeteorologicalDataServicesProcessor.java">
            <metrics coveredelements="0" coveredconditionals="0" complexity="1" loc="29" coveredmethods="0" methods="1" elements="2" classes="1" ncloc="12" statements="1" conditionals="0" coveredstatements="0"/>
            <class name="GetMeteorologicalDataServicesProcessor">
               <metrics coveredelements="0" coveredconditionals="0" complexity="1" coveredmethods="0" methods="1" elements="2" statements="1" conditionals="0" coveredstatements="0"/>
            </class>
            <line complexity="1" visibility="public" signature="process(GetMeteorologicalDataServicesMatch) : void" num="25" count="0" type="method"/>
            <line num="27" count="0" type="stmt"/>
         </file>
         <file path="/home/yosu/Projects/STAMP/Git/Supersede/dyn_adapt/Enactment/components/adapter/model/eu.supersede.dynadapt.adapter-stamp/src/main/java/eu/supersede/dynadapt/usecases/patterns/util/GetMeteorologicalDataServicesQuerySpecification.java" name="GetMeteorologicalDataServicesQuerySpecification.java">
            <metrics coveredelements="0" coveredconditionals="0" complexity="17" loc="179" coveredmethods="0" methods="15" elements="52" classes="3" ncloc="125" statements="37" conditionals="0" coveredstatements="0"/>
            <class name="GetMeteorologicalDataServicesQuerySpecification">
               <metrics coveredelements="0" coveredconditionals="0" complexity="8" coveredmethods="0" methods="7" elements="17" statements="10" conditionals="0" coveredstatements="0"/>
            </class>
            <class name="GetMeteorologicalDataServicesQuerySpecification.LazyHolder">
               <metrics coveredelements="0" coveredconditionals="0" complexity="1" coveredmethods="0" methods="1" elements="3" statements="2" conditionals="0" coveredstatements="0"/>
            </class>
            <class name="GetMeteorologicalDataServicesQuerySpecification.GeneratedPQuery">
               <metrics coveredelements="0" coveredconditionals="0" complexity="8" coveredmethods="0" methods="7" elements="32" statements="25" conditionals="0" coveredstatements="0"/>
            </class>
            <line complexity="1" visibility="private" signature="GetMeteorologicalDataServicesQuerySpecification()" num="43" count="0" type="method"/>
            <line num="44" count="0" type="stmt"/>
            <line complexity="2" visibility="public" signature="instance() : GetMeteorologicalDataServicesQuerySpecification" num="52" count="0" type="method"/>
            <line num="53" count="0" type="stmt"/>
            <line num="54" count="0" type="stmt"/>
            <line num="56" count="0" type="stmt"/>
            <line complexity="1" visibility="protected" signature="instantiate(ViatraQueryEngine) : GetMeteorologicalDataServicesMatcher" num="60" count="0" type="method"/>
            <line num="62" count="0" type="stmt"/>
            <line complexity="1" visibility="public" signature="instantiate() : GetMeteorologicalDataServicesMatcher" num="65" count="0" type="method"/>
            <line num="67" count="0" type="stmt"/>
            <line complexity="1" visibility="public" signature="newEmptyMatch() : GetMeteorologicalDataServicesMatch" num="70" count="0" type="method"/>
            <line num="72" count="0" type="stmt"/>
            <line complexity="1" visibility="public" signature="newMatch(Object) : GetMeteorologicalDataServicesMatch" num="75" count="0" type="method"/>
            <line num="77" count="0" type="stmt"/>
            <line complexity="1" visibility="public" signature="ensureInitialized() : Object" num="100" count="0" type="method"/>
            <line num="101" count="0" type="stmt"/>
            <line num="102" count="0" type="stmt"/>
            <line complexity="1" visibility="public" signature="getFullyQualifiedName() : String" num="113" count="0" type="method"/>
            <line num="115" count="0" type="stmt"/>
            <line complexity="1" visibility="public" signature="getParameterNames() : List&lt;String&gt;" num="118" count="0" type="method"/>
            <line num="120" count="0" type="stmt"/>
            <line complexity="1" visibility="public" signature="getParameters() : List&lt;PParameter&gt;" num="123" count="0" type="method"/>
            <line num="125" count="0" type="stmt"/>
            <line complexity="2" visibility="public" signature="doGetContainedBodies() : Set&lt;PBody&gt;" num="128" count="0" type="method"/>
            <line num="130" count="0" type="stmt"/>
            <line num="131" count="0" type="stmt"/>
            <line num="132" count="0" type="stmt"/>
            <line num="134" count="0" type="stmt"/>
            <line num="135" count="0" type="stmt"/>
            <line num="136" count="0" type="stmt"/>
            <line num="137" count="0" type="stmt"/>
            <line num="138" count="0" type="stmt"/>
            <line num="142" count="0" type="stmt"/>
            <line num="143" count="0" type="stmt"/>
            <line num="144" count="0" type="stmt"/>
            <line num="145" count="0" type="stmt"/>
            <line num="147" count="0" type="stmt"/>
            <line complexity="1" visibility="public" signature="getShortDescription() : String" num="149" count="0" type="method"/>
            <line num="151" count="0" type="stmt"/>
            <line complexity="1" visibility="public" signature="getInputParameterNames() : Iterable&lt;String&gt;" num="154" count="0" type="method"/>
            <line num="156" count="0" type="stmt"/>
            <line complexity="1" visibility="public" signature="evaluateExpression(IValueProvider) : Object" num="158" count="0" type="method"/>
            <line num="160" count="0" type="stmt"/>
            <line num="161" count="0" type="stmt"/>
            <line num="164" count="0" type="stmt"/>
            <line num="167" count="0" type="stmt"/>
            <line num="167" count="0" type="stmt"/>
            <line num="169" count="0" type="stmt"/>
            <line num="171" count="0" type="stmt"/>
            <line complexity="1" visibility="private" signature="evaluateExpression_1_1(String) : boolean" num="175" count="0" type="method"/>
            <line num="176" count="0" type="stmt"/>
            <line num="177" count="0" type="stmt"/>
         </file>
         <file path="/home/yosu/Projects/STAMP/Git/Supersede/dyn_adapt/Enactment/components/adapter/model/eu.supersede.dynadapt.adapter-stamp/src/main/java/eu/supersede/dynadapt/usecases/patterns/util/HSKExecutionEnvironmentsProcessor.java" name="HSKExecutionEnvironmentsProcessor.java">
            <metrics coveredelements="0" coveredconditionals="0" complexity="1" loc="29" coveredmethods="0" methods="1" elements="2" classes="1" ncloc="12" statements="1" conditionals="0" coveredstatements="0"/>
            <class name="HSKExecutionEnvironmentsProcessor">
               <metrics coveredelements="0" coveredconditionals="0" complexity="1" coveredmethods="0" methods="1" elements="2" statements="1" conditionals="0" coveredstatements="0"/>
            </class>
            <line complexity="1" visibility="public" signature="process(HSKExecutionEnvironmentsMatch) : void" num="25" count="0" type="method"/>
            <line num="27" count="0" type="stmt"/>
         </file>
         <file path="/home/yosu/Projects/STAMP/Git/Supersede/dyn_adapt/Enactment/components/adapter/model/eu.supersede.dynadapt.adapter-stamp/src/main/java/eu/supersede/dynadapt/usecases/patterns/util/HSKExecutionEnvironmentsQuerySpecification.java" name="HSKExecutionEnvironmentsQuerySpecification.java">
            <metrics coveredelements="0" coveredconditionals="0" complexity="17" loc="185" coveredmethods="0" methods="15" elements="57" classes="3" ncloc="130" statements="42" conditionals="0" coveredstatements="0"/>
            <class name="HSKExecutionEnvironmentsQuerySpecification">
               <metrics coveredelements="0" coveredconditionals="0" complexity="8" coveredmethods="0" methods="7" elements="17" statements="10" conditionals="0" coveredstatements="0"/>
            </class>
            <class name="HSKExecutionEnvironmentsQuerySpecification.LazyHolder">
               <metrics coveredelements="0" coveredconditionals="0" complexity="1" coveredmethods="0" methods="1" elements="3" statements="2" conditionals="0" coveredstatements="0"/>
            </class>
            <class name="HSKExecutionEnvironmentsQuerySpecification.GeneratedPQuery">
               <metrics coveredelements="0" coveredconditionals="0" complexity="8" coveredmethods="0" methods="7" elements="37" statements="30" conditionals="0" coveredstatements="0"/>
            </class>
            <line complexity="1" visibility="private" signature="HSKExecutionEnvironmentsQuerySpecification()" num="43" count="0" type="method"/>
            <line num="44" count="0" type="stmt"/>
            <line complexity="2" visibility="public" signature="instance() : HSKExecutionEnvironmentsQuerySpecification" num="52" count="0" type="method"/>
            <line num="53" count="0" type="stmt"/>
            <line num="54" count="0" type="stmt"/>
            <line num="56" count="0" type="stmt"/>
            <line complexity="1" visibility="protected" signature="instantiate(ViatraQueryEngine) : HSKExecutionEnvironmentsMatcher" num="60" count="0" type="method"/>
            <line num="62" count="0" type="stmt"/>
            <line complexity="1" visibility="public" signature="instantiate() : HSKExecutionEnvironmentsMatcher" num="65" count="0" type="method"/>
            <line num="67" count="0" type="stmt"/>
            <line complexity="1" visibility="public" signature="newEmptyMatch() : HSKExecutionEnvironmentsMatch" num="70" count="0" type="method"/>
            <line num="72" count="0" type="stmt"/>
            <line complexity="1" visibility="public" signature="newMatch(Object) : HSKExecutionEnvironmentsMatch" num="75" count="0" type="method"/>
            <line num="77" count="0" type="stmt"/>
            <line complexity="1" visibility="public" signature="ensureInitialized() : Object" num="100" count="0" type="method"/>
            <line num="101" count="0" type="stmt"/>
            <line num="102" count="0" type="stmt"/>
            <line complexity="1" visibility="public" signature="getFullyQualifiedName() : String" num="113" count="0" type="method"/>
            <line num="115" count="0" type="stmt"/>
            <line complexity="1" visibility="public" signature="getParameterNames() : List&lt;String&gt;" num="118" count="0" type="method"/>
            <line num="120" count="0" type="stmt"/>
            <line complexity="1" visibility="public" signature="getParameters() : List&lt;PParameter&gt;" num="123" count="0" type="method"/>
            <line num="125" count="0" type="stmt"/>
            <line complexity="2" visibility="public" signature="doGetContainedBodies() : Set&lt;PBody&gt;" num="128" count="0" type="method"/>
            <line num="130" count="0" type="stmt"/>
            <line num="131" count="0" type="stmt"/>
            <line num="132" count="0" type="stmt"/>
            <line num="134" count="0" type="stmt"/>
            <line num="135" count="0" type="stmt"/>
            <line num="136" count="0" type="stmt"/>
            <line num="137" count="0" type="stmt"/>
            <line num="138" count="0" type="stmt"/>
            <line num="139" count="0" type="stmt"/>
            <line num="143" count="0" type="stmt"/>
            <line num="144" count="0" type="stmt"/>
            <line num="145" count="0" type="stmt"/>
            <line num="146" count="0" type="stmt"/>
            <line num="148" count="0" type="stmt"/>
            <line num="149" count="0" type="stmt"/>
            <line num="150" count="0" type="stmt"/>
            <line num="151" count="0" type="stmt"/>
            <line num="153" count="0" type="stmt"/>
            <line complexity="1" visibility="public" signature="getShortDescription() : String" num="155" count="0" type="method"/>
            <line num="157" count="0" type="stmt"/>
            <line complexity="1" visibility="public" signature="getInputParameterNames() : Iterable&lt;String&gt;" num="160" count="0" type="method"/>
            <line num="162" count="0" type="stmt"/>
            <line complexity="1" visibility="public" signature="evaluateExpression(IValueProvider) : Object" num="164" count="0" type="method"/>
            <line num="166" count="0" type="stmt"/>
            <line num="167" count="0" type="stmt"/>
            <line num="170" count="0" type="stmt"/>
            <line num="173" count="0" type="stmt"/>
            <line num="173" count="0" type="stmt"/>
            <line num="175" count="0" type="stmt"/>
            <line num="177" count="0" type="stmt"/>
            <line complexity="1" visibility="private" signature="evaluateExpression_1_1(String) : boolean" num="181" count="0" type="method"/>
            <line num="182" count="0" type="stmt"/>
            <line num="183" count="0" type="stmt"/>
         </file>
         <file path="/home/yosu/Projects/STAMP/Git/Supersede/dyn_adapt/Enactment/components/adapter/model/eu.supersede.dynadapt.adapter-stamp/src/main/java/eu/supersede/dynadapt/usecases/patterns/util/HSKVirtualExecutionEnvironmentsProcessor.java" name="HSKVirtualExecutionEnvironmentsProcessor.java">
            <metrics coveredelements="0" coveredconditionals="0" complexity="1" loc="29" coveredmethods="0" methods="1" elements="2" classes="1" ncloc="12" statements="1" conditionals="0" coveredstatements="0"/>
            <class name="HSKVirtualExecutionEnvironmentsProcessor">
               <metrics coveredelements="0" coveredconditionals="0" complexity="1" coveredmethods="0" methods="1" elements="2" statements="1" conditionals="0" coveredstatements="0"/>
            </class>
            <line complexity="1" visibility="public" signature="process(HSKVirtualExecutionEnvironmentsMatch) : void" num="25" count="0" type="method"/>
            <line num="27" count="0" type="stmt"/>
         </file>
         <file path="/home/yosu/Projects/STAMP/Git/Supersede/dyn_adapt/Enactment/components/adapter/model/eu.supersede.dynadapt.adapter-stamp/src/main/java/eu/supersede/dynadapt/usecases/patterns/util/HSKVirtualExecutionEnvironmentsQuerySpecification.java" name="HSKVirtualExecutionEnvironmentsQuerySpecification.java">
            <metrics coveredelements="0" coveredconditionals="0" complexity="17" loc="184" coveredmethods="0" methods="15" elements="54" classes="3" ncloc="129" statements="39" conditionals="0" coveredstatements="0"/>
            <class name="HSKVirtualExecutionEnvironmentsQuerySpecification">
               <metrics coveredelements="0" coveredconditionals="0" complexity="8" coveredmethods="0" methods="7" elements="17" statements="10" conditionals="0" coveredstatements="0"/>
            </class>
            <class name="HSKVirtualExecutionEnvironmentsQuerySpecification.LazyHolder">
               <metrics coveredelements="0" coveredconditionals="0" complexity="1" coveredmethods="0" methods="1" elements="3" statements="2" conditionals="0" coveredstatements="0"/>
            </class>
            <class name="HSKVirtualExecutionEnvironmentsQuerySpecification.GeneratedPQuery">
               <metrics coveredelements="0" coveredconditionals="0" complexity="8" coveredmethods="0" methods="7" elements="34" statements="27" conditionals="0" coveredstatements="0"/>
            </class>
            <line complexity="1" visibility="private" signature="HSKVirtualExecutionEnvironmentsQuerySpecification()" num="45" count="0" type="method"/>
            <line num="46" count="0" type="stmt"/>
            <line complexity="2" visibility="public" signature="instance() : HSKVirtualExecutionEnvironmentsQuerySpecification" num="54" count="0" type="method"/>
            <line num="55" count="0" type="stmt"/>
            <line num="56" count="0" type="stmt"/>
            <line num="58" count="0" type="stmt"/>
            <line complexity="1" visibility="protected" signature="instantiate(ViatraQueryEngine) : HSKVirtualExecutionEnvironmentsMatcher" num="62" count="0" type="method"/>
            <line num="64" count="0" type="stmt"/>
            <line complexity="1" visibility="public" signature="instantiate() : HSKVirtualExecutionEnvironmentsMatcher" num="67" count="0" type="method"/>
            <line num="69" count="0" type="stmt"/>
            <line complexity="1" visibility="public" signature="newEmptyMatch() : HSKVirtualExecutionEnvironmentsMatch" num="72" count="0" type="method"/>
            <line num="74" count="0" type="stmt"/>
            <line complexity="1" visibility="public" signature="newMatch(Object) : HSKVirtualExecutionEnvironmentsMatch" num="77" count="0" type="method"/>
            <line num="79" count="0" type="stmt"/>
            <line complexity="1" visibility="public" signature="ensureInitialized() : Object" num="102" count="0" type="method"/>
            <line num="103" count="0" type="stmt"/>
            <line num="104" count="0" type="stmt"/>
            <line complexity="1" visibility="public" signature="getFullyQualifiedName() : String" num="115" count="0" type="method"/>
            <line num="117" count="0" type="stmt"/>
            <line complexity="1" visibility="public" signature="getParameterNames() : List&lt;String&gt;" num="120" count="0" type="method"/>
            <line num="122" count="0" type="stmt"/>
            <line complexity="1" visibility="public" signature="getParameters() : List&lt;PParameter&gt;" num="125" count="0" type="method"/>
            <line num="127" count="0" type="stmt"/>
            <line complexity="2" visibility="public" signature="doGetContainedBodies() : Set&lt;PBody&gt;" num="130" count="0" type="method"/>
            <line num="132" count="0" type="stmt"/>
            <line num="133" count="0" type="stmt"/>
            <line num="134" count="0" type="stmt"/>
            <line num="136" count="0" type="stmt"/>
            <line num="137" count="0" type="stmt"/>
            <line num="138" count="0" type="stmt"/>
            <line num="139" count="0" type="stmt"/>
            <line num="140" count="0" type="stmt"/>
            <line num="141" count="0" type="stmt"/>
            <line num="145" count="0" type="stmt"/>
            <line num="147" count="0" type="stmt"/>
            <line num="148" count="0" type="stmt"/>
            <line num="149" count="0" type="stmt"/>
            <line num="150" count="0" type="stmt"/>
            <line num="152" count="0" type="stmt"/>
            <line complexity="1" visibility="public" signature="getShortDescription() : String" num="154" count="0" type="method"/>
            <line num="156" count="0" type="stmt"/>
            <line complexity="1" visibility="public" signature="getInputParameterNames() : Iterable&lt;String&gt;" num="159" count="0" type="method"/>
            <line num="161" count="0" type="stmt"/>
            <line complexity="1" visibility="public" signature="evaluateExpression(IValueProvider) : Object" num="163" count="0" type="method"/>
            <line num="165" count="0" type="stmt"/>
            <line num="166" count="0" type="stmt"/>
            <line num="169" count="0" type="stmt"/>
            <line num="172" count="0" type="stmt"/>
            <line num="172" count="0" type="stmt"/>
            <line num="174" count="0" type="stmt"/>
            <line num="176" count="0" type="stmt"/>
            <line complexity="1" visibility="private" signature="evaluateExpression_1_1(String) : boolean" num="180" count="0" type="method"/>
            <line num="181" count="0" type="stmt"/>
            <line num="182" count="0" type="stmt"/>
         </file>
         <file path="/home/yosu/Projects/STAMP/Git/Supersede/dyn_adapt/Enactment/components/adapter/model/eu.supersede.dynadapt.adapter-stamp/src/main/java/eu/supersede/dynadapt/usecases/patterns/util/InstanceOfInstanceSpecificationLinkProcessor.java" name="InstanceOfInstanceSpecificationLinkProcessor.java">
            <metrics coveredelements="0" coveredconditionals="0" complexity="1" loc="30" coveredmethods="0" methods="1" elements="2" classes="1" ncloc="12" statements="1" conditionals="0" coveredstatements="0"/>
            <class name="InstanceOfInstanceSpecificationLinkProcessor">
               <metrics coveredelements="0" coveredconditionals="0" complexity="1" coveredmethods="0" methods="1" elements="2" statements="1" conditionals="0" coveredstatements="0"/>
            </class>
            <line complexity="1" visibility="public" signature="process(InstanceOfInstanceSpecificationLinkMatch) : void" num="26" count="0" type="method"/>
            <line num="28" count="0" type="stmt"/>
         </file>
         <file path="/home/yosu/Projects/STAMP/Git/Supersede/dyn_adapt/Enactment/components/adapter/model/eu.supersede.dynadapt.adapter-stamp/src/main/java/eu/supersede/dynadapt/usecases/patterns/util/InstanceOfInstanceSpecificationLinkQuerySpecification.java" name="InstanceOfInstanceSpecificationLinkQuerySpecification.java">
            <metrics coveredelements="0" coveredconditionals="0" complexity="13" loc="172" coveredmethods="0" methods="11" elements="51" classes="3" ncloc="119" statements="40" conditionals="0" coveredstatements="0"/>
            <class name="InstanceOfInstanceSpecificationLinkQuerySpecification">
               <metrics coveredelements="0" coveredconditionals="0" complexity="7" coveredmethods="0" methods="6" elements="14" statements="8" conditionals="0" coveredstatements="0"/>
            </class>
            <class name="InstanceOfInstanceSpecificationLinkQuerySpecification.LazyHolder">
               <metrics coveredelements="0" coveredconditionals="0" complexity="1" coveredmethods="0" methods="1" elements="3" statements="2" conditionals="0" coveredstatements="0"/>
            </class>
            <class name="InstanceOfInstanceSpecificationLinkQuerySpecification.GeneratedPQuery">
               <metrics coveredelements="0" coveredconditionals="0" complexity="5" coveredmethods="0" methods="4" elements="34" statements="30" conditionals="0" coveredstatements="0"/>
            </class>
            <line complexity="1" visibility="private" signature="InstanceOfInstanceSpecificationLinkQuerySpecification()" num="43" count="0" type="method"/>
            <line num="44" count="0" type="stmt"/>
            <line complexity="2" visibility="public" signature="instance() : InstanceOfInstanceSpecificationLinkQuerySpecification" num="52" count="0" type="method"/>
            <line num="53" count="0" type="stmt"/>
            <line num="54" count="0" type="stmt"/>
            <line num="56" count="0" type="stmt"/>
            <line complexity="1" visibility="protected" signature="instantiate(ViatraQueryEngine) : InstanceOfInstanceSpecificationLinkMatcher" num="60" count="0" type="method"/>
            <line num="62" count="0" type="stmt"/>
            <line complexity="1" visibility="public" signature="instantiate() : InstanceOfInstanceSpecificationLinkMatcher" num="65" count="0" type="method"/>
            <line num="67" count="0" type="stmt"/>
            <line complexity="1" visibility="public" signature="newEmptyMatch() : InstanceOfInstanceSpecificationLinkMatch" num="70" count="0" type="method"/>
            <line num="72" count="0" type="stmt"/>
            <line complexity="1" visibility="public" signature="newMatch(Object) : InstanceOfInstanceSpecificationLinkMatch" num="75" count="0" type="method"/>
            <line num="77" count="0" type="stmt"/>
            <line complexity="1" visibility="public" signature="ensureInitialized() : Object" num="100" count="0" type="method"/>
            <line num="101" count="0" type="stmt"/>
            <line num="102" count="0" type="stmt"/>
            <line complexity="1" visibility="public" signature="getFullyQualifiedName() : String" num="115" count="0" type="method"/>
            <line num="117" count="0" type="stmt"/>
            <line complexity="1" visibility="public" signature="getParameterNames() : List&lt;String&gt;" num="120" count="0" type="method"/>
            <line num="122" count="0" type="stmt"/>
            <line complexity="1" visibility="public" signature="getParameters() : List&lt;PParameter&gt;" num="125" count="0" type="method"/>
            <line num="127" count="0" type="stmt"/>
            <line complexity="2" visibility="public" signature="doGetContainedBodies() : Set&lt;PBody&gt;" num="130" count="0" type="method"/>
            <line num="132" count="0" type="stmt"/>
            <line num="133" count="0" type="stmt"/>
            <line num="134" count="0" type="stmt"/>
            <line num="136" count="0" type="stmt"/>
            <line num="137" count="0" type="stmt"/>
            <line num="138" count="0" type="stmt"/>
            <line num="139" count="0" type="stmt"/>
            <line num="140" count="0" type="stmt"/>
            <line num="141" count="0" type="stmt"/>
            <line num="146" count="0" type="stmt"/>
            <line num="148" count="0" type="stmt"/>
            <line num="149" count="0" type="stmt"/>
            <line num="150" count="0" type="stmt"/>
            <line num="151" count="0" type="stmt"/>
            <line num="153" count="0" type="stmt"/>
            <line num="154" count="0" type="stmt"/>
            <line num="155" count="0" type="stmt"/>
            <line num="156" count="0" type="stmt"/>
            <line num="158" count="0" type="stmt"/>
            <line num="159" count="0" type="stmt"/>
            <line num="160" count="0" type="stmt"/>
            <line num="161" count="0" type="stmt"/>
            <line num="162" count="0" type="stmt"/>
            <line num="165" count="0" type="stmt"/>
            <line num="165" count="0" type="stmt"/>
            <line num="167" count="0" type="stmt"/>
            <line num="169" count="0" type="stmt"/>
         </file>
         <file path="/home/yosu/Projects/STAMP/Git/Supersede/dyn_adapt/Enactment/components/adapter/model/eu.supersede.dynadapt.adapter-stamp/src/main/java/eu/supersede/dynadapt/usecases/patterns/util/InstanceSpecificationLinkProcessor.java" name="InstanceSpecificationLinkProcessor.java">
            <metrics coveredelements="0" coveredconditionals="0" complexity="1" loc="29" coveredmethods="0" methods="1" elements="2" classes="1" ncloc="12" statements="1" conditionals="0" coveredstatements="0"/>
            <class name="InstanceSpecificationLinkProcessor">
               <metrics coveredelements="0" coveredconditionals="0" complexity="1" coveredmethods="0" methods="1" elements="2" statements="1" conditionals="0" coveredstatements="0"/>
            </class>
            <line complexity="1" visibility="public" signature="process(InstanceSpecificationLinkMatch) : void" num="25" count="0" type="method"/>
            <line num="27" count="0" type="stmt"/>
         </file>
         <file path="/home/yosu/Projects/STAMP/Git/Supersede/dyn_adapt/Enactment/components/adapter/model/eu.supersede.dynadapt.adapter-stamp/src/main/java/eu/supersede/dynadapt/usecases/patterns/util/InstanceSpecificationLinkQuerySpecification.java" name="InstanceSpecificationLinkQuerySpecification.java">
            <metrics coveredelements="0" coveredconditionals="0" complexity="13" loc="155" coveredmethods="0" methods="11" elements="41" classes="3" ncloc="105" statements="30" conditionals="0" coveredstatements="0"/>
            <class name="InstanceSpecificationLinkQuerySpecification">
               <metrics coveredelements="0" coveredconditionals="0" complexity="7" coveredmethods="0" methods="6" elements="14" statements="8" conditionals="0" coveredstatements="0"/>
            </class>
            <class name="InstanceSpecificationLinkQuerySpecification.LazyHolder">
               <metrics coveredelements="0" coveredconditionals="0" complexity="1" coveredmethods="0" methods="1" elements="3" statements="2" conditionals="0" coveredstatements="0"/>
            </class>
            <class name="InstanceSpecificationLinkQuerySpecification.GeneratedPQuery">
               <metrics coveredelements="0" coveredconditionals="0" complexity="5" coveredmethods="0" methods="4" elements="24" statements="20" conditionals="0" coveredstatements="0"/>
            </class>
            <line complexity="1" visibility="private" signature="InstanceSpecificationLinkQuerySpecification()" num="41" count="0" type="method"/>
            <line num="42" count="0" type="stmt"/>
            <line complexity="2" visibility="public" signature="instance() : InstanceSpecificationLinkQuerySpecification" num="50" count="0" type="method"/>
            <line num="51" count="0" type="stmt"/>
            <line num="52" count="0" type="stmt"/>
            <line num="54" count="0" type="stmt"/>
            <line complexity="1" visibility="protected" signature="instantiate(ViatraQueryEngine) : InstanceSpecificationLinkMatcher" num="58" count="0" type="method"/>
            <line num="60" count="0" type="stmt"/>
            <line complexity="1" visibility="public" signature="instantiate() : InstanceSpecificationLinkMatcher" num="63" count="0" type="method"/>
            <line num="65" count="0" type="stmt"/>
            <line complexity="1" visibility="public" signature="newEmptyMatch() : InstanceSpecificationLinkMatch" num="68" count="0" type="method"/>
            <line num="70" count="0" type="stmt"/>
            <line complexity="1" visibility="public" signature="newMatch(Object) : InstanceSpecificationLinkMatch" num="73" count="0" type="method"/>
            <line num="75" count="0" type="stmt"/>
            <line complexity="1" visibility="public" signature="ensureInitialized() : Object" num="98" count="0" type="method"/>
            <line num="99" count="0" type="stmt"/>
            <line num="100" count="0" type="stmt"/>
            <line complexity="1" visibility="public" signature="getFullyQualifiedName() : String" num="111" count="0" type="method"/>
            <line num="113" count="0" type="stmt"/>
            <line complexity="1" visibility="public" signature="getParameterNames() : List&lt;String&gt;" num="116" count="0" type="method"/>
            <line num="118" count="0" type="stmt"/>
            <line complexity="1" visibility="public" signature="getParameters() : List&lt;PParameter&gt;" num="121" count="0" type="method"/>
            <line num="123" count="0" type="stmt"/>
            <line complexity="2" visibility="public" signature="doGetContainedBodies() : Set&lt;PBody&gt;" num="126" count="0" type="method"/>
            <line num="128" count="0" type="stmt"/>
            <line num="129" count="0" type="stmt"/>
            <line num="130" count="0" type="stmt"/>
            <line num="132" count="0" type="stmt"/>
            <line num="133" count="0" type="stmt"/>
            <line num="134" count="0" type="stmt"/>
            <line num="135" count="0" type="stmt"/>
            <line num="139" count="0" type="stmt"/>
            <line num="140" count="0" type="stmt"/>
            <line num="141" count="0" type="stmt"/>
            <line num="142" count="0" type="stmt"/>
            <line num="144" count="0" type="stmt"/>
            <line num="145" count="0" type="stmt"/>
            <line num="148" count="0" type="stmt"/>
            <line num="148" count="0" type="stmt"/>
            <line num="150" count="0" type="stmt"/>
            <line num="152" count="0" type="stmt"/>
         </file>
         <file path="/home/yosu/Projects/STAMP/Git/Supersede/dyn_adapt/Enactment/components/adapter/model/eu.supersede.dynadapt.adapter-stamp/src/main/java/eu/supersede/dynadapt/usecases/patterns/util/InstanceSpecificationsAsManifestationsOfNodeArtifactsProcessor.java" name="InstanceSpecificationsAsManifestationsOfNodeArtifactsProcessor.java">
            <metrics coveredelements="0" coveredconditionals="0" complexity="1" loc="31" coveredmethods="0" methods="1" elements="2" classes="1" ncloc="13" statements="1" conditionals="0" coveredstatements="0"/>
            <class name="InstanceSpecificationsAsManifestationsOfNodeArtifactsProcessor">
               <metrics coveredelements="0" coveredconditionals="0" complexity="1" coveredmethods="0" methods="1" elements="2" statements="1" conditionals="0" coveredstatements="0"/>
            </class>
            <line complexity="1" visibility="public" signature="process(InstanceSpecificationsAsManifestationsOfNodeArtifactsMatch) : void" num="27" count="0" type="method"/>
            <line num="29" count="0" type="stmt"/>
         </file>
         <file path="/home/yosu/Projects/STAMP/Git/Supersede/dyn_adapt/Enactment/components/adapter/model/eu.supersede.dynadapt.adapter-stamp/src/main/java/eu/supersede/dynadapt/usecases/patterns/util/InstanceSpecificationsAsManifestationsOfNodeArtifactsQuerySpecification.java" name="InstanceSpecificationsAsManifestationsOfNodeArtifactsQuerySpecification.java">
            <metrics coveredelements="0" coveredconditionals="0" complexity="13" loc="155" coveredmethods="0" methods="11" elements="38" classes="3" ncloc="104" statements="27" conditionals="0" coveredstatements="0"/>
            <class name="InstanceSpecificationsAsManifestationsOfNodeArtifactsQuerySpecification">
               <metrics coveredelements="0" coveredconditionals="0" complexity="7" coveredmethods="0" methods="6" elements="14" statements="8" conditionals="0" coveredstatements="0"/>
            </class>
            <class name="InstanceSpecificationsAsManifestationsOfNodeArtifactsQuerySpecification.LazyHolder">
               <metrics coveredelements="0" coveredconditionals="0" complexity="1" coveredmethods="0" methods="1" elements="3" statements="2" conditionals="0" coveredstatements="0"/>
            </class>
            <class name="InstanceSpecificationsAsManifestationsOfNodeArtifactsQuerySpecification.GeneratedPQuery">
               <metrics coveredelements="0" coveredconditionals="0" complexity="5" coveredmethods="0" methods="4" elements="21" statements="17" conditionals="0" coveredstatements="0"/>
            </class>
            <line complexity="1" visibility="private" signature="InstanceSpecificationsAsManifestationsOfNodeArtifactsQuerySpecification()" num="41" count="0" type="method"/>
            <line num="42" count="0" type="stmt"/>
            <line complexity="2" visibility="public" signature="instance() : InstanceSpecificationsAsManifestationsOfNodeArtifactsQuerySpecification" num="50" count="0" type="method"/>
            <line num="51" count="0" type="stmt"/>
            <line num="52" count="0" type="stmt"/>
            <line num="54" count="0" type="stmt"/>
            <line complexity="1" visibility="protected" signature="instantiate(ViatraQueryEngine) : InstanceSpecificationsAsManifestationsOfNodeArtifactsMatcher" num="58" count="0" type="method"/>
            <line num="60" count="0" type="stmt"/>
            <line complexity="1" visibility="public" signature="instantiate() : InstanceSpecificationsAsManifestationsOfNodeArtifactsMatcher" num="63" count="0" type="method"/>
            <line num="65" count="0" type="stmt"/>
            <line complexity="1" visibility="public" signature="newEmptyMatch() : InstanceSpecificationsAsManifestationsOfNodeArtifactsMatch" num="68" count="0" type="method"/>
            <line num="70" count="0" type="stmt"/>
            <line complexity="1" visibility="public" signature="newMatch(Object) : InstanceSpecificationsAsManifestationsOfNodeArtifactsMatch" num="73" count="0" type="method"/>
            <line num="75" count="0" type="stmt"/>
            <line complexity="1" visibility="public" signature="ensureInitialized() : Object" num="98" count="0" type="method"/>
            <line num="99" count="0" type="stmt"/>
            <line num="100" count="0" type="stmt"/>
            <line complexity="1" visibility="public" signature="getFullyQualifiedName() : String" num="113" count="0" type="method"/>
            <line num="115" count="0" type="stmt"/>
            <line complexity="1" visibility="public" signature="getParameterNames() : List&lt;String&gt;" num="118" count="0" type="method"/>
            <line num="120" count="0" type="stmt"/>
            <line complexity="1" visibility="public" signature="getParameters() : List&lt;PParameter&gt;" num="123" count="0" type="method"/>
            <line num="125" count="0" type="stmt"/>
            <line complexity="2" visibility="public" signature="doGetContainedBodies() : Set&lt;PBody&gt;" num="128" count="0" type="method"/>
            <line num="130" count="0" type="stmt"/>
            <line num="131" count="0" type="stmt"/>
            <line num="132" count="0" type="stmt"/>
            <line num="134" count="0" type="stmt"/>
            <line num="135" count="0" type="stmt"/>
            <line num="136" count="0" type="stmt"/>
            <line num="137" count="0" type="stmt"/>
            <line num="142" count="0" type="stmt"/>
            <line num="144" count="0" type="stmt"/>
            <line num="145" count="0" type="stmt"/>
            <line num="148" count="0" type="stmt"/>
            <line num="148" count="0" type="stmt"/>
            <line num="150" count="0" type="stmt"/>
            <line num="152" count="0" type="stmt"/>
         </file>
         <file path="/home/yosu/Projects/STAMP/Git/Supersede/dyn_adapt/Enactment/components/adapter/model/eu.supersede.dynadapt.adapter-stamp/src/main/java/eu/supersede/dynadapt/usecases/patterns/util/InstancesProcessor.java" name="InstancesProcessor.java">
            <metrics coveredelements="0" coveredconditionals="0" complexity="1" loc="30" coveredmethods="0" methods="1" elements="2" classes="1" ncloc="12" statements="1" conditionals="0" coveredstatements="0"/>
            <class name="InstancesProcessor">
               <metrics coveredelements="0" coveredconditionals="0" complexity="1" coveredmethods="0" methods="1" elements="2" statements="1" conditionals="0" coveredstatements="0"/>
            </class>
            <line complexity="1" visibility="public" signature="process(InstancesMatch) : void" num="26" count="0" type="method"/>
            <line num="28" count="0" type="stmt"/>
         </file>
         <file path="/home/yosu/Projects/STAMP/Git/Supersede/dyn_adapt/Enactment/components/adapter/model/eu.supersede.dynadapt.adapter-stamp/src/main/java/eu/supersede/dynadapt/usecases/patterns/util/InstancesQuerySpecification.java" name="InstancesQuerySpecification.java">
            <metrics coveredelements="0" coveredconditionals="0" complexity="13" loc="157" coveredmethods="0" methods="11" elements="41" classes="3" ncloc="107" statements="30" conditionals="0" coveredstatements="0"/>
            <class name="InstancesQuerySpecification">
               <metrics coveredelements="0" coveredconditionals="0" complexity="7" coveredmethods="0" methods="6" elements="14" statements="8" conditionals="0" coveredstatements="0"/>
            </class>
[...]
            <line num="128" count="0" type="stmt"/>
            <line num="129" count="0" type="stmt"/>
            <line num="130" count="0" type="stmt"/>
            <line num="132" count="0" type="stmt"/>
            <line num="133" count="0" type="stmt"/>
            <line num="134" count="0" type="stmt"/>
            <line num="135" count="0" type="stmt"/>
            <line num="136" count="0" type="stmt"/>
            <line num="137" count="0" type="stmt"/>
            <line num="138" count="0" type="stmt"/>
            <line num="139" count="0" type="stmt"/>
            <line num="140" count="0" type="stmt"/>
            <line num="141" count="0" type="stmt"/>
            <line complexity="1" visibility="private" signature="diffFeatureConfigurations(FeatureConfiguration,FeatureConfiguration) : List&lt;Selection&gt;" num="144" count="0" type="method"/>
            <line num="145" count="0" type="stmt"/>
            <line num="146" count="0" type="stmt"/>
            <line num="148" count="0" type="stmt"/>
            <line complexity="1" visibility="private" signature="diffFeatureConfigurationsInFeature(Feature,FeatureConfiguration,FeatureConfiguration) : List&lt;Selection&gt;" num="151" count="0" type="method"/>
            <line num="153" count="0" type="stmt"/>
            <line num="155" count="0" type="stmt"/>
            <line num="156" count="0" type="stmt"/>
            <line num="159" count="0" type="stmt"/>
            <line num="160" count="0" type="stmt"/>
            <line num="161" count="0" type="stmt"/>
            <line num="164" count="0" type="stmt"/>
            <line complexity="3" visibility="private" signature="diffFeatureConfigurationsInFeature(String,FeatureConfiguration,FeatureConfiguration) : List&lt;Selection&gt;" num="167" count="0" type="method"/>
            <line num="169" count="0" type="stmt"/>
            <line num="171" count="0" type="stmt"/>
            <line num="172" count="0" type="stmt"/>
            <line num="174" count="0" type="stmt"/>
            <line num="175" count="0" type="stmt"/>
            <line falsecount="0" truecount="0" num="175" type="cond"/>
            <line num="176" count="0" type="stmt"/>
            <line num="177" count="0" type="stmt"/>
            <line num="181" count="0" type="stmt"/>
            <line num="182" count="0" type="stmt"/>
            <line falsecount="0" truecount="0" num="182" type="cond"/>
            <line num="183" count="0" type="stmt"/>
            <line num="187" count="0" type="stmt"/>
            <line complexity="2" visibility="private" signature="selectionExistsInList(Selection,List&lt;Selection&gt;) : boolean" num="190" count="0" type="method"/>
            <line num="191" count="0" type="stmt"/>
            <line num="193" count="0" type="stmt"/>
            <line num="194" count="0" type="stmt"/>
            <line falsecount="0" truecount="0" num="194" type="cond"/>
            <line num="195" count="0" type="stmt"/>
            <line num="196" count="0" type="stmt"/>
            <line num="200" count="0" type="stmt"/>
            <line complexity="2" visibility="protected" signature="save(Model,URI) : void" num="203" count="0" type="method"/>
            <line num="205" count="0" type="stmt"/>
            <line num="207" count="0" type="stmt"/>
            <line num="208" count="0" type="stmt"/>
            <line num="209" count="0" type="stmt"/>
            <line num="210" count="0" type="stmt"/>
            <line complexity="1" visibility="private" signature="uploadLatestComputedFC(String) : String" num="223" count="0" type="method"/>
            <line num="224" count="0" type="stmt"/>
            <line num="225" count="0" type="stmt"/>
            <line num="226" count="0" type="stmt"/>
            <line num="227" count="0" type="stmt"/>
            <line num="235" count="0" type="stmt"/>
         </file>
         <file path="/home/yosu/Projects/STAMP/Git/Supersede/dyn_adapt/Enactment/components/adapter/model/eu.supersede.dynadapt.adapter-stamp/src/test/java/eu/supersede/dynadapt/adapter/test/HttpMonitoringAdapterTest.java" name="HttpMonitoringAdapterTest.java">
            <metrics coveredelements="0" coveredconditionals="0" complexity="5" loc="77" coveredmethods="0" methods="3" elements="25" classes="1" ncloc="60" statements="22" conditionals="0" coveredstatements="0"/>
            <class name="HttpMonitoringAdapterTest">
               <metrics coveredelements="0" coveredconditionals="0" complexity="5" coveredmethods="0" methods="3" elements="25" statements="22" conditionals="0" coveredstatements="0"/>
            </class>
            <line complexity="1" visibility="public" signature="setUp() : void" num="36" count="0" type="method"/>
            <line num="38" count="0" type="stmt"/>
            <line num="39" count="0" type="stmt"/>
            <line num="40" count="0" type="stmt"/>
            <line complexity="1" visibility="private" signature="setupPlatform() : void" num="43" count="0" type="method"/>
            <line num="44" count="0" type="stmt"/>
            <line num="45" count="0" type="stmt"/>
            <line num="46" count="0" type="stmt"/>
            <line num="47" count="0" type="stmt"/>
            <line num="49" count="0" type="stmt"/>
            <line num="50" count="0" type="stmt"/>
            <line num="51" count="0" type="stmt"/>
            <line num="52" count="0" type="stmt"/>
            <line num="53" count="0" type="stmt"/>
            <line num="54" count="0" type="stmt"/>
            <line num="55" count="0" type="stmt"/>
            <line num="56" count="0" type="stmt"/>
            <line complexity="3" visibility="public" signature="testHttpMonitorAdaptation() : void" num="59" count="0" type="method"/>
            <line num="61" count="0" type="stmt"/>
            <line num="62" count="0" type="stmt"/>
            <line num="63" count="0" type="stmt"/>
            <line num="66" count="0" type="stmt"/>
            <line num="67" count="0" type="stmt"/>
            <line num="70" count="0" type="stmt"/>
            <line num="72" count="0" type="stmt"/>
         </file>
         <file path="/home/yosu/Projects/STAMP/Git/Supersede/dyn_adapt/Enactment/components/adapter/model/eu.supersede.dynadapt.adapter-stamp/src/test/java/eu/supersede/dynadapt/adapter/test/MonitoringAdapterTest.java" name="MonitoringAdapterTest.java">
            <metrics coveredelements="0" coveredconditionals="0" complexity="11" loc="155" coveredmethods="0" methods="6" elements="47" classes="1" ncloc="122" statements="41" conditionals="0" coveredstatements="0"/>
            <class name="MonitoringAdapterTest">
               <metrics coveredelements="0" coveredconditionals="0" complexity="11" coveredmethods="0" methods="6" elements="47" statements="41" conditionals="0" coveredstatements="0"/>
            </class>
            <line complexity="1" visibility="public" signature="setUp() : void" num="64" count="0" type="method"/>
            <line num="66" count="0" type="stmt"/>
            <line num="67" count="0" type="stmt"/>
            <line num="68" count="0" type="stmt"/>
            <line complexity="1" visibility="private" signature="setupPlatform() : void" num="71" count="0" type="method"/>
            <line num="72" count="0" type="stmt"/>
            <line num="73" count="0" type="stmt"/>
            <line num="74" count="0" type="stmt"/>
            <line num="75" count="0" type="stmt"/>
            <line num="76" count="0" type="stmt"/>
            <line num="78" count="0" type="stmt"/>
            <line num="79" count="0" type="stmt"/>
            <line num="80" count="0" type="stmt"/>
            <line num="81" count="0" type="stmt"/>
            <line num="82" count="0" type="stmt"/>
            <line num="83" count="0" type="stmt"/>
            <line num="84" count="0" type="stmt"/>
            <line num="85" count="0" type="stmt"/>
            <line num="86" count="0" type="stmt"/>
            <line num="87" count="0" type="stmt"/>
            <line complexity="3" visibility="public" signature="testMonitoringReconfigurationHighTimeslot() : void" num="90" count="0" type="method"/>
            <line num="92" count="0" type="stmt"/>
            <line num="93" count="0" type="stmt"/>
            <line num="96" count="0" type="stmt"/>
            <line num="97" count="0" type="stmt"/>
            <line num="98" count="0" type="stmt"/>
            <line num="101" count="0" type="stmt"/>
            <line num="103" count="0" type="stmt"/>
            <line complexity="3" visibility="public" signature="testMonitoringReconfigurationActivateMonitor() : void" num="107" count="0" type="method"/>
            <line num="109" count="0" type="stmt"/>
            <line num="110" count="0" type="stmt"/>
            <line num="113" count="0" type="stmt"/>
            <line num="114" count="0" type="stmt"/>
            <line num="116" count="0" type="stmt"/>
            <line num="118" count="0" type="stmt"/>
            <line complexity="2" visibility="protected" signature="save(Model,URI) : void" num="122" count="0" type="method"/>
            <line num="124" count="0" type="stmt"/>
            <line num="126" count="0" type="stmt"/>
            <line num="127" count="0" type="stmt"/>
            <line num="128" count="0" type="stmt"/>
            <line num="129" count="0" type="stmt"/>
            <line complexity="1" visibility="private" signature="uploadLatestComputedFC(String) : String" num="145" count="0" type="method"/>
            <line num="146" count="0" type="stmt"/>
            <line num="147" count="0" type="stmt"/>
            <line num="148" count="0" type="stmt"/>
            <line num="149" count="0" type="stmt"/>
            <line num="153" count="0" type="stmt"/>
         </file>
         <file path="/home/yosu/Projects/STAMP/Git/Supersede/dyn_adapt/Enactment/components/adapter/model/eu.supersede.dynadapt.adapter-stamp/src/test/java/eu/supersede/dynadapt/adapter/test/SiemensAdapterTest.java" name="SiemensAdapterTest.java">
            <metrics coveredelements="0" coveredconditionals="0" complexity="10" loc="148" coveredmethods="0" methods="6" elements="48" classes="1" ncloc="105" statements="42" conditionals="0" coveredstatements="0"/>
            <class name="SiemensAdapterTest">
               <metrics coveredelements="0" coveredconditionals="0" complexity="10" coveredmethods="0" methods="6" elements="48" statements="42" conditionals="0" coveredstatements="0"/>
            </class>
            <line complexity="3" visibility="public" signature="testSiemensUCAdaptation() : void" num="43" count="0" type="method"/>
            <line num="45" count="0" type="stmt"/>
            <line num="46" count="0" type="stmt"/>
            <line num="47" count="0" type="stmt"/>
            <line num="48" count="0" type="stmt"/>
            <line num="55" count="0" type="stmt"/>
            <line num="56" count="0" type="stmt"/>
            <line num="59" count="0" type="stmt"/>
            <line num="61" count="0" type="stmt"/>
            <line complexity="3" visibility="public" signature="testSiemenesUCAdaptationSpecificActionsTakenFCfromString() : void" num="70" count="0" type="method"/>
            <line num="72" count="0" type="stmt"/>
            <line num="73" count="0" type="stmt"/>
            <line num="74" count="0" type="stmt"/>
            <line num="75" count="0" type="stmt"/>
            <line num="76" count="0" type="stmt"/>
            <line num="77" count="0" type="stmt"/>
            <line num="78" count="0" type="stmt"/>
            <line num="81" count="0" type="stmt"/>
            <line num="83" count="0" type="stmt"/>
            <line complexity="1" visibility="private" signature="readFCfromFile(String) : String" num="94" count="0" type="method"/>
            <line num="95" count="0" type="stmt"/>
            <line num="96" count="0" type="stmt"/>
            <line num="98" count="0" type="stmt"/>
            <line num="99" count="0" type="stmt"/>
            <line num="100" count="0" type="stmt"/>
            <line complexity="1" visibility="private" signature="uploadLatestComputedFC(String) : void" num="110" count="0" type="method"/>
            <line num="111" count="0" type="stmt"/>
            <line num="112" count="0" type="stmt"/>
            <line num="113" count="0" type="stmt"/>
            <line num="114" count="0" type="stmt"/>
            <line complexity="1" visibility="public" signature="setUp() : void" num="124" count="0" type="method"/>
            <line num="126" count="0" type="stmt"/>
            <line num="127" count="0" type="stmt"/>
            <line num="128" count="0" type="stmt"/>
            <line complexity="1" visibility="private" signature="setupPlatform() : void" num="131" count="0" type="method"/>
            <line num="132" count="0" type="stmt"/>
            <line num="133" count="0" type="stmt"/>
            <line num="134" count="0" type="stmt"/>
            <line num="136" count="0" type="stmt"/>
            <line num="137" count="0" type="stmt"/>
            <line num="138" count="0" type="stmt"/>
            <line num="139" count="0" type="stmt"/>
            <line num="140" count="0" type="stmt"/>
            <line num="141" count="0" type="stmt"/>
            <line num="142" count="0" type="stmt"/>
            <line num="143" count="0" type="stmt"/>
            <line num="144" count="0" type="stmt"/>
            <line num="145" count="0" type="stmt"/>
         </file>
         <file path="/home/yosu/Projects/STAMP/Git/Supersede/dyn_adapt/Enactment/components/adapter/model/eu.supersede.dynadapt.adapter-stamp/src/test/java/eu/supersede/dynadapt/adapter/test/SiemensCacheScenarioAdapterTest.java" name="SiemensCacheScenarioAdapterTest.java">
            <metrics coveredelements="0" coveredconditionals="0" complexity="10" loc="138" coveredmethods="0" methods="6" elements="47" classes="1" ncloc="104" statements="41" conditionals="0" coveredstatements="0"/>
            <class name="SiemensCacheScenarioAdapterTest">
               <metrics coveredelements="0" coveredconditionals="0" complexity="10" coveredmethods="0" methods="6" elements="47" statements="41" conditionals="0" coveredstatements="0"/>
            </class>
            <line complexity="3" visibility="public" signature="testSiemensCachingServiceAdaptationStrategy1() : void" num="43" count="0" type="method"/>
            <line num="45" count="0" type="stmt"/>
            <line num="46" count="0" type="stmt"/>
            <line num="47" count="0" type="stmt"/>
            <line num="48" count="0" type="stmt"/>
            <line num="49" count="0" type="stmt"/>
            <line num="50" count="0" type="stmt"/>
            <line num="54" count="0" type="stmt"/>
            <line num="56" count="0" type="stmt"/>
            <line complexity="3" visibility="public" signature="testSiemensCachingServiceAdaptationStrategy2() : void" num="60" count="0" type="method"/>
            <line num="62" count="0" type="stmt"/>
            <line num="63" count="0" type="stmt"/>
            <line num="64" count="0" type="stmt"/>
            <line num="65" count="0" type="stmt"/>
            <line num="66" count="0" type="stmt"/>
            <line num="69" count="0" type="stmt"/>
            <line num="71" count="0" type="stmt"/>
            <line complexity="1" visibility="private" signature="readFCfromFile(String) : String" num="82" count="0" type="method"/>
            <line num="83" count="0" type="stmt"/>
            <line num="84" count="0" type="stmt"/>
            <line num="86" count="0" type="stmt"/>
            <line num="87" count="0" type="stmt"/>
            <line num="88" count="0" type="stmt"/>
            <line complexity="1" visibility="private" signature="uploadLatestComputedFC(String) : String" num="99" count="0" type="method"/>
            <line num="100" count="0" type="stmt"/>
            <line num="101" count="0" type="stmt"/>
            <line num="102" count="0" type="stmt"/>
            <line num="103" count="0" type="stmt"/>
            <line num="111" count="0" type="stmt"/>
            <line complexity="1" visibility="public" signature="setUp() : void" num="114" count="0" type="method"/>
            <line num="116" count="0" type="stmt"/>
            <line num="117" count="0" type="stmt"/>
            <line num="118" count="0" type="stmt"/>
            <line complexity="1" visibility="private" signature="setupPlatform() : void" num="121" count="0" type="method"/>
            <line num="122" count="0" type="stmt"/>
            <line num="123" count="0" type="stmt"/>
            <line num="124" count="0" type="stmt"/>
            <line num="126" count="0" type="stmt"/>
            <line num="127" count="0" type="stmt"/>
            <line num="128" count="0" type="stmt"/>
            <line num="129" count="0" type="stmt"/>
            <line num="130" count="0" type="stmt"/>
            <line num="131" count="0" type="stmt"/>
            <line num="132" count="0" type="stmt"/>
            <line num="133" count="0" type="stmt"/>
            <line num="134" count="0" type="stmt"/>
            <line num="135" count="0" type="stmt"/>
         </file>
         <file path="/home/yosu/Projects/STAMP/Git/Supersede/dyn_adapt/Enactment/components/adapter/model/eu.supersede.dynadapt.adapter-stamp/src/test/java/eu/supersede/dynadapt/adapter/test/SiemensEnactAdapterTest.java" name="SiemensEnactAdapterTest.java">
            <metrics coveredelements="0" coveredconditionals="0" complexity="7" loc="110" coveredmethods="0" methods="4" elements="32" classes="1" ncloc="91" statements="28" conditionals="0" coveredstatements="0"/>
            <class name="SiemensEnactAdapterTest">
               <metrics coveredelements="0" coveredconditionals="0" complexity="7" coveredmethods="0" methods="4" elements="32" statements="28" conditionals="0" coveredstatements="0"/>
            </class>
            <line complexity="1" visibility="public" signature="setUp() : void" num="58" count="0" type="method"/>
            <line num="60" count="0" type="stmt"/>
            <line num="61" count="0" type="stmt"/>
            <line num="62" count="0" type="stmt"/>
            <line complexity="1" visibility="private" signature="setupPlatform() : void" num="65" count="0" type="method"/>
            <line num="66" count="0" type="stmt"/>
            <line num="67" count="0" type="stmt"/>
            <line num="68" count="0" type="stmt"/>
            <line num="69" count="0" type="stmt"/>
            <line num="70" count="0" type="stmt"/>
            <line num="72" count="0" type="stmt"/>
            <line num="73" count="0" type="stmt"/>
            <line num="74" count="0" type="stmt"/>
            <line num="75" count="0" type="stmt"/>
            <line num="76" count="0" type="stmt"/>
            <line num="77" count="0" type="stmt"/>
            <line num="78" count="0" type="stmt"/>
            <line num="79" count="0" type="stmt"/>
            <line num="80" count="0" type="stmt"/>
            <line complexity="3" visibility="public" signature="testSiemensUCAdaptation() : void" num="83" count="0" type="method"/>
            <line num="85" count="0" type="stmt"/>
            <line num="86" count="0" type="stmt"/>
            <line num="87" count="0" type="stmt"/>
            <line num="88" count="0" type="stmt"/>
            <line num="92" count="0" type="stmt"/>
            <line num="94" count="0" type="stmt"/>
            <line complexity="2" visibility="protected" signature="save(Model,URI) : void" num="98" count="0" type="method"/>
            <line num="100" count="0" type="stmt"/>
            <line num="102" count="0" type="stmt"/>
            <line num="103" count="0" type="stmt"/>
            <line num="104" count="0" type="stmt"/>
            <line num="105" count="0" type="stmt"/>
         </file>
      </package>
   </testproject>
</coverage>